<?xml version="1.0" encoding="UTF-8"?>
<TestRun id="73fda06f-d6bb-4c7c-bd85-42168a7bea06" name="Paul@GLAVTOP 2012-08-15 18:11:06" runUser="GLAVTOP\Paul" xmlns="http://microsoft.com/schemas/VisualStudio/TeamTest/2010">
  <TestSettings name="Local" id="d23f8251-c841-4598-9abe-942041d14e8c">
    <Description>These are default test settings for a local test run.</Description>
    <Deployment userDeploymentRoot="D:\Data\Development\Dev Projects\PayMeBack\PayMeBack\TestResults" useDefaultDeploymentRoot="false" runDeploymentRoot="Paul_GLAVTOP 2012-08-15 18_11_06">
      <DeploymentItem filename="D:\Data\Development\Dev Projects\PayMeBack\PayMeBack\Dependecies\Autofac-2.4.4.705-NET40\Autofac.dll" />
      <DeploymentItem filename="D:\Data\Development\Dev Projects\PayMeBack\PayMeBack\Glav.PayMeBack.Core\bin\Debug\Glav.PayMeBack.Core.dll" />
      <DeploymentItem filename="D:\Data\Development\Dev Projects\PayMeBack\PayMeBack\MvcWebRole1\bin\Glav.PayMeBack.Web.dll" />
    </Deployment>
    <Execution>
      <TestTypeSpecific>
        <UnitTestRunConfig testTypeId="13cdc9d9-ddb5-4fa4-a97d-d965ccfc6d4b">
          <AssemblyResolution>
            <TestDirectory useLoadContext="true" />
          </AssemblyResolution>
        </UnitTestRunConfig>
        <WebTestRunConfiguration testTypeId="4e7599fa-5ecb-43e9-a887-cd63cf72d207">
          <Browser name="Internet Explorer 7.0">
            <Headers>
              <Header name="User-Agent" value="Mozilla/4.0 (compatible; MSIE 7.0; Windows NT 5.1)" />
              <Header name="Accept" value="*/*" />
              <Header name="Accept-Language" value="{{$IEAcceptLanguage}}" />
              <Header name="Accept-Encoding" value="GZIP" />
            </Headers>
          </Browser>
        </WebTestRunConfiguration>
      </TestTypeSpecific>
      <AgentRule name="LocalMachineDefaultRole">
      </AgentRule>
    </Execution>
  </TestSettings>
  <Times creation="2012-08-15T18:11:06.7974624+10:00" queuing="2012-08-15T18:11:11.2103232+10:00" start="2012-08-15T18:11:11.6634656+10:00" finish="2012-08-15T18:14:44.3361514+10:00" />
  <ResultSummary outcome="Error">
    <Counters total="2" executed="1" error="0" failed="0" timeout="0" aborted="1" inconclusive="0" passedButRunAborted="0" notRunnable="0" notExecuted="1" disconnected="0" warning="0" passed="0" completed="0" inProgress="0" pending="0" />
    <RunInfos>
      <RunInfo computerName="GLAVTOP" outcome="Error" timestamp="2012-08-15T18:14:44.3341365+10:00">
        <Text>Test host process exited unexpectedly.</Text>
      </RunInfo>
    </RunInfos>
  </ResultSummary>
  <TestDefinitions>
    <UnitTest name="ShouldBeAbleToAddPaymentInstallmentToDebt" storage="d:\data\development\dev projects\paymeback\paymeback\glav.paymeback.integrationtests\bin\debug\glav.paymeback.integrationtests.dll" id="5fd23d7e-4595-35fc-0d45-04ddfd00357d">
      <Execution id="59597621-682b-4fd2-8418-b794bf406f58" />
      <TestMethod codeBase="D:/Data/Development/Dev Projects/PayMeBack/PayMeBack/Glav.PayMeBack.IntegrationTests/bin/Debug/Glav.PayMeBack.IntegrationTests.DLL" adapterTypeName="Microsoft.VisualStudio.TestTools.TestTypes.Unit.UnitTestAdapter, Microsoft.VisualStudio.QualityTools.Tips.UnitTest.Adapter, Version=10.0.0.0, Culture=neutral, PublicKeyToken=b03f5f7f11d50a3a" className="Glav.PayMeBack.IntegrationTests.ServiceTests.PaymentPlanServiceTests, Glav.PayMeBack.IntegrationTests, Version=1.0.0.0, Culture=neutral, PublicKeyToken=null" name="ShouldBeAbleToAddPaymentInstallmentToDebt" />
    </UnitTest>
    <UnitTest name="ShouldNotBeAbleToAddPaymentInstallmentToDebtIfNoMoreDebtOwed" storage="d:\data\development\dev projects\paymeback\paymeback\glav.paymeback.integrationtests\bin\debug\glav.paymeback.integrationtests.dll" id="e5a29dab-58d6-3bfa-be38-a0ba556c81c6">
      <Execution id="4244983e-dbef-4ba7-85f4-ab68a75d3e64" />
      <TestMethod codeBase="D:/Data/Development/Dev Projects/PayMeBack/PayMeBack/Glav.PayMeBack.IntegrationTests/bin/Debug/Glav.PayMeBack.IntegrationTests.DLL" adapterTypeName="Microsoft.VisualStudio.TestTools.TestTypes.Unit.UnitTestAdapter, Microsoft.VisualStudio.QualityTools.Tips.UnitTest.Adapter, Version=10.0.0.0, Culture=neutral, PublicKeyToken=b03f5f7f11d50a3a" className="Glav.PayMeBack.IntegrationTests.ServiceTests.PaymentPlanServiceTests, Glav.PayMeBack.IntegrationTests, Version=1.0.0.0, Culture=neutral, PublicKeyToken=null" name="ShouldNotBeAbleToAddPaymentInstallmentToDebtIfNoMoreDebtOwed" />
    </UnitTest>
  </TestDefinitions>
  <TestLists>
    <TestList name="Results Not in a List" id="8c84fa94-04c1-424b-9868-57a2d4851a1d" />
    <TestList name="All Loaded Results" id="19431567-8539-422a-85d7-44ee4e166bda" />
  </TestLists>
  <TestEntries>
    <TestEntry testId="5fd23d7e-4595-35fc-0d45-04ddfd00357d" executionId="59597621-682b-4fd2-8418-b794bf406f58" testListId="8c84fa94-04c1-424b-9868-57a2d4851a1d" />
    <TestEntry testId="e5a29dab-58d6-3bfa-be38-a0ba556c81c6" executionId="4244983e-dbef-4ba7-85f4-ab68a75d3e64" testListId="8c84fa94-04c1-424b-9868-57a2d4851a1d" />
  </TestEntries>
  <Results>
    <UnitTestResult executionId="59597621-682b-4fd2-8418-b794bf406f58" testId="5fd23d7e-4595-35fc-0d45-04ddfd00357d" testName="ShouldBeAbleToAddPaymentInstallmentToDebt" computerName="GLAVTOP" duration="00:03:32.2799747" startTime="2012-08-15T18:11:12.0551612+10:00" endTime="2012-08-15T18:14:44.3351359+10:00" testType="13cdc9d9-ddb5-4fa4-a97d-d965ccfc6d4b" outcome="Aborted" testListId="8c84fa94-04c1-424b-9868-57a2d4851a1d" relativeResultsDirectory="59597621-682b-4fd2-8418-b794bf406f58">
    </UnitTestResult>
    <UnitTestResult executionId="4244983e-dbef-4ba7-85f4-ab68a75d3e64" testId="e5a29dab-58d6-3bfa-be38-a0ba556c81c6" testName="ShouldNotBeAbleToAddPaymentInstallmentToDebtIfNoMoreDebtOwed" computerName="GLAVTOP" testType="13cdc9d9-ddb5-4fa4-a97d-d965ccfc6d4b" outcome="NotExecuted" testListId="8c84fa94-04c1-424b-9868-57a2d4851a1d" relativeResultsDirectory="4244983e-dbef-4ba7-85f4-ab68a75d3e64">
    </UnitTestResult>
  </Results>
</TestRun>