<?xml version="1.0" encoding="UTF-8"?>
<TestRun id="a091c6c0-1add-4578-845e-a014d0d3861a" name="Paul@GLAVTOP 2012-08-15 18:46:17" runUser="GLAVTOP\Paul" xmlns="http://microsoft.com/schemas/VisualStudio/TeamTest/2010">
  <TestSettings name="Local" id="d23f8251-c841-4598-9abe-942041d14e8c">
    <Description>These are default test settings for a local test run.</Description>
    <Deployment runDeploymentRoot="Paul_GLAVTOP 2012-08-15 18_46_17">
      <DeploymentItem filename="D:\Data\Development\Dev Projects\PayMeBack\PayMeBack\Dependecies\Autofac-2.4.4.705-NET40\Autofac.dll" />
      <DeploymentItem filename="D:\Data\Development\Dev Projects\PayMeBack\PayMeBack\Glav.PayMeBack.Core\bin\Debug\Glav.PayMeBack.Core.dll" />
      <DeploymentItem filename="D:\Data\Development\Dev Projects\PayMeBack\PayMeBack\MvcWebRole1\bin\Glav.PayMeBack.Web.dll" />
    </Deployment>
    <Execution>
      <TestTypeSpecific>
        <UnitTestRunConfig testTypeId="13cdc9d9-ddb5-4fa4-a97d-d965ccfc6d4b">
          <AssemblyResolution>
            <TestDirectory useLoadContext="true" />
          </AssemblyResolution>
        </UnitTestRunConfig>
        <WebTestRunConfiguration testTypeId="4e7599fa-5ecb-43e9-a887-cd63cf72d207">
          <Browser name="Internet Explorer 7.0">
            <Headers>
              <Header name="User-Agent" value="Mozilla/4.0 (compatible; MSIE 7.0; Windows NT 5.1)" />
              <Header name="Accept" value="*/*" />
              <Header name="Accept-Language" value="{{$IEAcceptLanguage}}" />
              <Header name="Accept-Encoding" value="GZIP" />
            </Headers>
          </Browser>
        </WebTestRunConfiguration>
      </TestTypeSpecific>
      <AgentRule name="LocalMachineDefaultRole">
      </AgentRule>
    </Execution>
  </TestSettings>
  <Times creation="2012-08-15T18:46:17.0082544+10:00" queuing="2012-08-15T18:46:21.9000843+10:00" start="2012-08-15T18:46:22.5407336+10:00" finish="2012-08-15T18:46:52.0918454+10:00" />
  <ResultSummary outcome="Error">
    <Counters total="1" executed="1" error="0" failed="0" timeout="0" aborted="1" inconclusive="0" passedButRunAborted="0" notRunnable="0" notExecuted="0" disconnected="0" warning="0" passed="0" completed="0" inProgress="0" pending="0" />
    <RunInfos>
      <RunInfo computerName="GLAVTOP" outcome="Error" timestamp="2012-08-15T18:46:52.0918454+10:00">
        <Text>Test host process exited unexpectedly.</Text>
      </RunInfo>
    </RunInfos>
  </ResultSummary>
  <TestDefinitions>
    <UnitTest name="ShouldBeAbleToAddMultipleDebtsWithSameInvalidatedUserToUserPaymentPlan" storage="d:\data\development\dev projects\paymeback\paymeback\glav.paymeback.integrationtests\bin\debug\glav.paymeback.integrationtests.dll" id="ad367a71-86eb-9111-a69d-6dd71eead0dd">
      <Execution id="8388b606-1f71-4bd9-8779-5f42c2acc5f8" />
      <TestMethod codeBase="D:/Data/Development/Dev Projects/PayMeBack/PayMeBack/Glav.PayMeBack.IntegrationTests/bin/Debug/Glav.PayMeBack.IntegrationTests.DLL" adapterTypeName="Microsoft.VisualStudio.TestTools.TestTypes.Unit.UnitTestAdapter, Microsoft.VisualStudio.QualityTools.Tips.UnitTest.Adapter, Version=10.0.0.0, Culture=neutral, PublicKeyToken=b03f5f7f11d50a3a" className="Glav.PayMeBack.IntegrationTests.ServiceTests.PaymentPlanServiceTests, Glav.PayMeBack.IntegrationTests, Version=1.0.0.0, Culture=neutral, PublicKeyToken=null" name="ShouldBeAbleToAddMultipleDebtsWithSameInvalidatedUserToUserPaymentPlan" />
    </UnitTest>
  </TestDefinitions>
  <TestLists>
    <TestList name="Results Not in a List" id="8c84fa94-04c1-424b-9868-57a2d4851a1d" />
    <TestList name="All Loaded Results" id="19431567-8539-422a-85d7-44ee4e166bda" />
  </TestLists>
  <TestEntries>
    <TestEntry testId="ad367a71-86eb-9111-a69d-6dd71eead0dd" executionId="8388b606-1f71-4bd9-8779-5f42c2acc5f8" testListId="8c84fa94-04c1-424b-9868-57a2d4851a1d" />
  </TestEntries>
  <Results>
    <UnitTestResult executionId="8388b606-1f71-4bd9-8779-5f42c2acc5f8" testId="ad367a71-86eb-9111-a69d-6dd71eead0dd" testName="ShouldBeAbleToAddMultipleDebtsWithSameInvalidatedUserToUserPaymentPlan" computerName="GLAVTOP" duration="00:00:29.2229745" startTime="2012-08-15T18:46:22.8688709+10:00" endTime="2012-08-15T18:46:52.0918454+10:00" testType="13cdc9d9-ddb5-4fa4-a97d-d965ccfc6d4b" outcome="Aborted" testListId="8c84fa94-04c1-424b-9868-57a2d4851a1d" relativeResultsDirectory="8388b606-1f71-4bd9-8779-5f42c2acc5f8">
    </UnitTestResult>
  </Results>
</TestRun>