<?xml version="1.0" encoding="UTF-8"?>
<TestRun id="483feb5d-e2a9-4f8a-9cda-69ed6a843ab5" name="Paul@GLAVTOP 2012-08-15 17:45:00" runUser="GLAVTOP\Paul" xmlns="http://microsoft.com/schemas/VisualStudio/TeamTest/2010">
  <TestSettings name="Local" id="d23f8251-c841-4598-9abe-942041d14e8c">
    <Description>These are default test settings for a local test run.</Description>
    <Deployment runDeploymentRoot="Paul_GLAVTOP 2012-08-15 17_45_00">
      <DeploymentItem filename="D:\Data\Development\Dev Projects\PayMeBack\PayMeBack\Dependecies\Autofac-2.4.4.705-NET40\Autofac.dll" />
      <DeploymentItem filename="D:\Data\Development\Dev Projects\PayMeBack\PayMeBack\Glav.PayMeBack.Core\bin\Debug\Glav.PayMeBack.Core.dll" />
      <DeploymentItem filename="D:\Data\Development\Dev Projects\PayMeBack\PayMeBack\MvcWebRole1\bin\Glav.PayMeBack.Web.dll" />
    </Deployment>
    <Execution>
      <TestTypeSpecific>
        <UnitTestRunConfig testTypeId="13cdc9d9-ddb5-4fa4-a97d-d965ccfc6d4b">
          <AssemblyResolution>
            <TestDirectory useLoadContext="true" />
          </AssemblyResolution>
        </UnitTestRunConfig>
        <WebTestRunConfiguration testTypeId="4e7599fa-5ecb-43e9-a887-cd63cf72d207">
          <Browser name="Internet Explorer 7.0">
            <Headers>
              <Header name="User-Agent" value="Mozilla/4.0 (compatible; MSIE 7.0; Windows NT 5.1)" />
              <Header name="Accept" value="*/*" />
              <Header name="Accept-Language" value="{{$IEAcceptLanguage}}" />
              <Header name="Accept-Encoding" value="GZIP" />
            </Headers>
          </Browser>
        </WebTestRunConfiguration>
      </TestTypeSpecific>
      <AgentRule name="LocalMachineDefaultRole">
        <DataCollectors>
          <DataCollector uri="datacollector://microsoft/CodeCoverage/1.0" assemblyQualifiedName="Microsoft.VisualStudio.TestTools.CodeCoverage.CoveragePlugIn, Microsoft.VisualStudio.QualityTools.Plugins.CodeCoverage, Version=10.0.0.0, Culture=neutral, PublicKeyToken=b03f5f7f11d50a3a" friendlyName="Code Coverage">
          </DataCollector>
        </DataCollectors>
      </AgentRule>
    </Execution>
  </TestSettings>
  <Times creation="2012-08-15T17:45:00.9816724+10:00" queuing="2012-08-15T17:45:05.2943626+10:00" start="2012-08-15T17:45:05.4505952+10:00" finish="2012-08-15T17:45:12.1863277+10:00" />
  <ResultSummary outcome="Failed">
    <Counters total="20" executed="20" passed="19" error="0" failed="1" timeout="0" aborted="0" inconclusive="0" passedButRunAborted="0" notRunnable="0" notExecuted="0" disconnected="0" warning="0" completed="0" inProgress="0" pending="0" />
  </ResultSummary>
  <TestDefinitions>
    <UnitTest name="CanRetrieveDebtsIOweToOthers" storage="d:\data\development\dev projects\paymeback\paymeback\glav.paymeback.integrationtests\bin\debug\glav.paymeback.integrationtests.dll" id="d348c1a1-5988-e632-ea7b-b77dc3143110">
      <Execution id="5a6f82e1-0720-4dcc-86a0-69bd55e01061" />
      <TestMethod codeBase="D:/Data/Development/Dev Projects/PayMeBack/PayMeBack/Glav.PayMeBack.IntegrationTests/bin/Debug/Glav.PayMeBack.IntegrationTests.DLL" adapterTypeName="Microsoft.VisualStudio.TestTools.TestTypes.Unit.UnitTestAdapter, Microsoft.VisualStudio.QualityTools.Tips.UnitTest.Adapter, Version=10.0.0.0, Culture=neutral, PublicKeyToken=b03f5f7f11d50a3a" className="Glav.PayMeBack.IntegrationTests.ServiceTests.PaymentPlanServiceTests, Glav.PayMeBack.IntegrationTests, Version=1.0.0.0, Culture=neutral, PublicKeyToken=null" name="CanRetrieveDebtsIOweToOthers" />
    </UnitTest>
    <UnitTest name="ShouldBeAbleToSaveUnvalidatedUserWithOnlyEmailAddress" storage="d:\data\development\dev projects\paymeback\paymeback\glav.paymeback.integrationtests\bin\debug\glav.paymeback.integrationtests.dll" id="b808ccdc-95ed-da36-2492-84e3a0485a5e">
      <Execution id="688b7561-6522-456f-a165-71d692016d67" />
      <TestMethod codeBase="D:/Data/Development/Dev Projects/PayMeBack/PayMeBack/Glav.PayMeBack.IntegrationTests/bin/Debug/Glav.PayMeBack.IntegrationTests.DLL" adapterTypeName="Microsoft.VisualStudio.TestTools.TestTypes.Unit.UnitTestAdapter, Microsoft.VisualStudio.QualityTools.Tips.UnitTest.Adapter, Version=10.0.0.0, Culture=neutral, PublicKeyToken=b03f5f7f11d50a3a" className="Glav.PayMeBack.IntegrationTests.EngineTests.UserEngineTests, Glav.PayMeBack.IntegrationTests, Version=1.0.0.0, Culture=neutral, PublicKeyToken=null" name="ShouldBeAbleToSaveUnvalidatedUserWithOnlyEmailAddress" />
    </UnitTest>
    <UnitTest name="EnsureValidUserCannotDeleteDebtNotBelongingToThem" storage="d:\data\development\dev projects\paymeback\paymeback\glav.paymeback.integrationtests\bin\debug\glav.paymeback.integrationtests.dll" id="50da6079-fcc9-3c27-2ff7-23ec27920291">
      <Execution id="c7d11ff3-be37-4030-b740-72e12320834b" />
      <TestMethod codeBase="D:/Data/Development/Dev Projects/PayMeBack/PayMeBack/Glav.PayMeBack.IntegrationTests/bin/Debug/Glav.PayMeBack.IntegrationTests.DLL" adapterTypeName="Microsoft.VisualStudio.TestTools.TestTypes.Unit.UnitTestAdapter, Microsoft.VisualStudio.QualityTools.Tips.UnitTest.Adapter, Version=10.0.0.0, Culture=neutral, PublicKeyToken=b03f5f7f11d50a3a" className="Glav.PayMeBack.IntegrationTests.ServiceTests.PaymentPlanServiceTests, Glav.PayMeBack.IntegrationTests, Version=1.0.0.0, Culture=neutral, PublicKeyToken=null" name="EnsureValidUserCannotDeleteDebtNotBelongingToThem" />
    </UnitTest>
    <UnitTest name="SHouldBeAbleToSignUpAndSignIn" storage="d:\data\development\dev projects\paymeback\paymeback\glav.paymeback.integrationtests\bin\debug\glav.paymeback.integrationtests.dll" id="bd75bfee-d75a-afac-7b4e-f8eeab7139e2">
      <Execution id="7f99e665-7b7e-43b2-8ad8-3a744219c090" />
      <TestMethod codeBase="D:/Data/Development/Dev Projects/PayMeBack/PayMeBack/Glav.PayMeBack.IntegrationTests/bin/Debug/Glav.PayMeBack.IntegrationTests.DLL" adapterTypeName="Microsoft.VisualStudio.TestTools.TestTypes.Unit.UnitTestAdapter, Microsoft.VisualStudio.QualityTools.Tips.UnitTest.Adapter, Version=10.0.0.0, Culture=neutral, PublicKeyToken=b03f5f7f11d50a3a" className="Glav.PayMeBack.IntegrationTests.ServiceTests.SignupServiceTests, Glav.PayMeBack.IntegrationTests, Version=1.0.0.0, Culture=neutral, PublicKeyToken=null" name="SHouldBeAbleToSignUpAndSignIn" />
    </UnitTest>
    <UnitTest name="ShouldNotBeAbleToAddPaymentInstallmentToDebtIfNoMoreDebtOwed" storage="d:\data\development\dev projects\paymeback\paymeback\glav.paymeback.integrationtests\bin\debug\glav.paymeback.integrationtests.dll" id="e5a29dab-58d6-3bfa-be38-a0ba556c81c6">
      <Execution id="ba1c8c47-398c-409b-8899-23a4555dd0e7" />
      <TestMethod codeBase="D:/Data/Development/Dev Projects/PayMeBack/PayMeBack/Glav.PayMeBack.IntegrationTests/bin/Debug/Glav.PayMeBack.IntegrationTests.DLL" adapterTypeName="Microsoft.VisualStudio.TestTools.TestTypes.Unit.UnitTestAdapter, Microsoft.VisualStudio.QualityTools.Tips.UnitTest.Adapter, Version=10.0.0.0, Culture=neutral, PublicKeyToken=b03f5f7f11d50a3a" className="Glav.PayMeBack.IntegrationTests.ServiceTests.PaymentPlanServiceTests, Glav.PayMeBack.IntegrationTests, Version=1.0.0.0, Culture=neutral, PublicKeyToken=null" name="ShouldNotBeAbleToAddPaymentInstallmentToDebtIfNoMoreDebtOwed" />
    </UnitTest>
    <UnitTest name="CanNotChangeDebtsOwedToOthers" storage="d:\data\development\dev projects\paymeback\paymeback\glav.paymeback.integrationtests\bin\debug\glav.paymeback.integrationtests.dll" id="edf32688-f572-5eae-c381-554d0bf15674">
      <Execution id="8881a7b2-fe53-4f04-8ea2-ff4283a38b38" />
      <TestMethod codeBase="D:/Data/Development/Dev Projects/PayMeBack/PayMeBack/Glav.PayMeBack.IntegrationTests/bin/Debug/Glav.PayMeBack.IntegrationTests.DLL" adapterTypeName="Microsoft.VisualStudio.TestTools.TestTypes.Unit.UnitTestAdapter, Microsoft.VisualStudio.QualityTools.Tips.UnitTest.Adapter, Version=10.0.0.0, Culture=neutral, PublicKeyToken=b03f5f7f11d50a3a" className="Glav.PayMeBack.IntegrationTests.ServiceTests.PaymentPlanServiceTests, Glav.PayMeBack.IntegrationTests, Version=1.0.0.0, Culture=neutral, PublicKeyToken=null" name="CanNotChangeDebtsOwedToOthers" />
    </UnitTest>
    <UnitTest name="ShouldBeAbleToAddPaymentInstallmentToDebt" storage="d:\data\development\dev projects\paymeback\paymeback\glav.paymeback.integrationtests\bin\debug\glav.paymeback.integrationtests.dll" id="5fd23d7e-4595-35fc-0d45-04ddfd00357d">
      <Execution id="3580da0c-fd35-489c-af90-37232be3e394" />
      <TestMethod codeBase="D:/Data/Development/Dev Projects/PayMeBack/PayMeBack/Glav.PayMeBack.IntegrationTests/bin/Debug/Glav.PayMeBack.IntegrationTests.DLL" adapterTypeName="Microsoft.VisualStudio.TestTools.TestTypes.Unit.UnitTestAdapter, Microsoft.VisualStudio.QualityTools.Tips.UnitTest.Adapter, Version=10.0.0.0, Culture=neutral, PublicKeyToken=b03f5f7f11d50a3a" className="Glav.PayMeBack.IntegrationTests.ServiceTests.PaymentPlanServiceTests, Glav.PayMeBack.IntegrationTests, Version=1.0.0.0, Culture=neutral, PublicKeyToken=null" name="ShouldBeAbleToAddPaymentInstallmentToDebt" />
    </UnitTest>
    <UnitTest name="ShouldBeAbleToAddDebtToUserPaymentPlan" storage="d:\data\development\dev projects\paymeback\paymeback\glav.paymeback.integrationtests\bin\debug\glav.paymeback.integrationtests.dll" id="3dd59a0e-4e4a-df53-9231-37a61ee1389c">
      <Execution id="01f7606d-ee96-4769-95ed-0fbc8ecea082" />
      <TestMethod codeBase="D:/Data/Development/Dev Projects/PayMeBack/PayMeBack/Glav.PayMeBack.IntegrationTests/bin/Debug/Glav.PayMeBack.IntegrationTests.DLL" adapterTypeName="Microsoft.VisualStudio.TestTools.TestTypes.Unit.UnitTestAdapter, Microsoft.VisualStudio.QualityTools.Tips.UnitTest.Adapter, Version=10.0.0.0, Culture=neutral, PublicKeyToken=b03f5f7f11d50a3a" className="Glav.PayMeBack.IntegrationTests.ServiceTests.PaymentPlanServiceTests, Glav.PayMeBack.IntegrationTests, Version=1.0.0.0, Culture=neutral, PublicKeyToken=null" name="ShouldBeAbleToAddDebtToUserPaymentPlan" />
    </UnitTest>
    <UnitTest name="CanAddDebtOwedToMe" storage="d:\data\development\dev projects\paymeback\paymeback\glav.paymeback.integrationtests\bin\debug\glav.paymeback.integrationtests.dll" id="71cfd287-2959-021c-fc59-c0e9017df7ad">
      <Execution id="e1f4f47a-ffdd-4241-81f0-1ef71e40dfc9" />
      <TestMethod codeBase="D:/Data/Development/Dev Projects/PayMeBack/PayMeBack/Glav.PayMeBack.IntegrationTests/bin/Debug/Glav.PayMeBack.IntegrationTests.DLL" adapterTypeName="Microsoft.VisualStudio.TestTools.TestTypes.Unit.UnitTestAdapter, Microsoft.VisualStudio.QualityTools.Tips.UnitTest.Adapter, Version=10.0.0.0, Culture=neutral, PublicKeyToken=b03f5f7f11d50a3a" className="Glav.PayMeBack.IntegrationTests.ServiceTests.PaymentPlanServiceTests, Glav.PayMeBack.IntegrationTests, Version=1.0.0.0, Culture=neutral, PublicKeyToken=null" name="CanAddDebtOwedToMe" />
    </UnitTest>
    <UnitTest name="ShouldNotBeAbleToSaveNewUnvalidatedUserWithSameEmailAsExistingUser" storage="d:\data\development\dev projects\paymeback\paymeback\glav.paymeback.integrationtests\bin\debug\glav.paymeback.integrationtests.dll" id="e9188809-41f6-48b4-7b33-bb563fe9b401">
      <Execution id="9fcb75bb-5587-4c16-8e13-9658a8e5a2e7" />
      <TestMethod codeBase="D:/Data/Development/Dev Projects/PayMeBack/PayMeBack/Glav.PayMeBack.IntegrationTests/bin/Debug/Glav.PayMeBack.IntegrationTests.DLL" adapterTypeName="Microsoft.VisualStudio.TestTools.TestTypes.Unit.UnitTestAdapter, Microsoft.VisualStudio.QualityTools.Tips.UnitTest.Adapter, Version=10.0.0.0, Culture=neutral, PublicKeyToken=b03f5f7f11d50a3a" className="Glav.PayMeBack.IntegrationTests.EngineTests.UserEngineTests, Glav.PayMeBack.IntegrationTests, Version=1.0.0.0, Culture=neutral, PublicKeyToken=null" name="ShouldNotBeAbleToSaveNewUnvalidatedUserWithSameEmailAsExistingUser" />
    </UnitTest>
    <UnitTest name="ShouldBeAbleToAddMultipleDebtsToUserPaymentPlan" storage="d:\data\development\dev projects\paymeback\paymeback\glav.paymeback.integrationtests\bin\debug\glav.paymeback.integrationtests.dll" id="e7df2b0d-2d99-7c60-2105-111c1a6281d9">
      <Execution id="15b0b356-9fda-4351-98ce-34f0c90290b8" />
      <TestMethod codeBase="D:/Data/Development/Dev Projects/PayMeBack/PayMeBack/Glav.PayMeBack.IntegrationTests/bin/Debug/Glav.PayMeBack.IntegrationTests.DLL" adapterTypeName="Microsoft.VisualStudio.TestTools.TestTypes.Unit.UnitTestAdapter, Microsoft.VisualStudio.QualityTools.Tips.UnitTest.Adapter, Version=10.0.0.0, Culture=neutral, PublicKeyToken=b03f5f7f11d50a3a" className="Glav.PayMeBack.IntegrationTests.ServiceTests.PaymentPlanServiceTests, Glav.PayMeBack.IntegrationTests, Version=1.0.0.0, Culture=neutral, PublicKeyToken=null" name="ShouldBeAbleToAddMultipleDebtsToUserPaymentPlan" />
    </UnitTest>
    <UnitTest name="ShouldReturnAllUsers" storage="d:\data\development\dev projects\paymeback\paymeback\glav.paymeback.integrationtests\bin\debug\glav.paymeback.integrationtests.dll" id="2aa22940-96fb-27df-7452-07b4b151f94a">
      <Execution id="2d3567ad-fa4e-4ef1-b536-c2f650e50202" />
      <TestMethod codeBase="D:/Data/Development/Dev Projects/PayMeBack/PayMeBack/Glav.PayMeBack.IntegrationTests/bin/Debug/Glav.PayMeBack.IntegrationTests.DLL" adapterTypeName="Microsoft.VisualStudio.TestTools.TestTypes.Unit.UnitTestAdapter, Microsoft.VisualStudio.QualityTools.Tips.UnitTest.Adapter, Version=10.0.0.0, Culture=neutral, PublicKeyToken=b03f5f7f11d50a3a" className="Glav.PayMeBack.IntegrationTests.EngineTests.UserEngineTests, Glav.PayMeBack.IntegrationTests, Version=1.0.0.0, Culture=neutral, PublicKeyToken=null" name="ShouldReturnAllUsers" />
    </UnitTest>
    <UnitTest name="ShouldBeAbleToSignInAndGetUserPaymentPlan" storage="d:\data\development\dev projects\paymeback\paymeback\glav.paymeback.integrationtests\bin\debug\glav.paymeback.integrationtests.dll" id="44aa9cc8-6033-5338-2c45-cc41905f5ded">
      <Execution id="6207581e-eac5-489b-9094-8a5242411e5f" />
      <TestMethod codeBase="D:/Data/Development/Dev Projects/PayMeBack/PayMeBack/Glav.PayMeBack.IntegrationTests/bin/Debug/Glav.PayMeBack.IntegrationTests.DLL" adapterTypeName="Microsoft.VisualStudio.TestTools.TestTypes.Unit.UnitTestAdapter, Microsoft.VisualStudio.QualityTools.Tips.UnitTest.Adapter, Version=10.0.0.0, Culture=neutral, PublicKeyToken=b03f5f7f11d50a3a" className="Glav.PayMeBack.IntegrationTests.ServiceTests.PaymentPlanServiceTests, Glav.PayMeBack.IntegrationTests, Version=1.0.0.0, Culture=neutral, PublicKeyToken=null" name="ShouldBeAbleToSignInAndGetUserPaymentPlan" />
    </UnitTest>
    <UnitTest name="ShouldNotBeAbleToSignInWithEmptyPasswordEvenIfValidated" storage="d:\data\development\dev projects\paymeback\paymeback\glav.paymeback.integrationtests\bin\debug\glav.paymeback.integrationtests.dll" id="84a45382-ae95-43a9-6b01-8fd21d3e8048">
      <Execution id="54cbba7b-2468-4aae-a8a6-0cd1a466322f" />
      <TestMethod codeBase="D:/Data/Development/Dev Projects/PayMeBack/PayMeBack/Glav.PayMeBack.IntegrationTests/bin/Debug/Glav.PayMeBack.IntegrationTests.DLL" adapterTypeName="Microsoft.VisualStudio.TestTools.TestTypes.Unit.UnitTestAdapter, Microsoft.VisualStudio.QualityTools.Tips.UnitTest.Adapter, Version=10.0.0.0, Culture=neutral, PublicKeyToken=b03f5f7f11d50a3a" className="Glav.PayMeBack.IntegrationTests.ServiceTests.SignupServiceTests, Glav.PayMeBack.IntegrationTests, Version=1.0.0.0, Culture=neutral, PublicKeyToken=null" name="ShouldNotBeAbleToSignInWithEmptyPasswordEvenIfValidated" />
    </UnitTest>
    <UnitTest name="ShouldNotBeAbleToSignInWhenUserNotValidated" storage="d:\data\development\dev projects\paymeback\paymeback\glav.paymeback.integrationtests\bin\debug\glav.paymeback.integrationtests.dll" id="17c7ec79-6552-46be-8f36-803c891feba8">
      <Execution id="91514548-2ef9-4a99-bd63-953409eb1949" />
      <TestMethod codeBase="D:/Data/Development/Dev Projects/PayMeBack/PayMeBack/Glav.PayMeBack.IntegrationTests/bin/Debug/Glav.PayMeBack.IntegrationTests.DLL" adapterTypeName="Microsoft.VisualStudio.TestTools.TestTypes.Unit.UnitTestAdapter, Microsoft.VisualStudio.QualityTools.Tips.UnitTest.Adapter, Version=10.0.0.0, Culture=neutral, PublicKeyToken=b03f5f7f11d50a3a" className="Glav.PayMeBack.IntegrationTests.ServiceTests.SignupServiceTests, Glav.PayMeBack.IntegrationTests, Version=1.0.0.0, Culture=neutral, PublicKeyToken=null" name="ShouldNotBeAbleToSignInWhenUserNotValidated" />
    </UnitTest>
    <UnitTest name="CannotSaveUserWithoutEmail" storage="d:\data\development\dev projects\paymeback\paymeback\glav.paymeback.integrationtests\bin\debug\glav.paymeback.integrationtests.dll" id="85e231ee-64a4-7645-8905-c8a7a23597ed">
      <Execution id="14dee7ed-6304-4ee6-8db3-24c04ffc74a8" />
      <TestMethod codeBase="D:/Data/Development/Dev Projects/PayMeBack/PayMeBack/Glav.PayMeBack.IntegrationTests/bin/Debug/Glav.PayMeBack.IntegrationTests.DLL" adapterTypeName="Microsoft.VisualStudio.TestTools.TestTypes.Unit.UnitTestAdapter, Microsoft.VisualStudio.QualityTools.Tips.UnitTest.Adapter, Version=10.0.0.0, Culture=neutral, PublicKeyToken=b03f5f7f11d50a3a" className="Glav.PayMeBack.IntegrationTests.EngineTests.UserEngineTests, Glav.PayMeBack.IntegrationTests, Version=1.0.0.0, Culture=neutral, PublicKeyToken=null" name="CannotSaveUserWithoutEmail" />
    </UnitTest>
    <UnitTest name="EnsureValidUserCanDeleteDebtBelongingToThem" storage="d:\data\development\dev projects\paymeback\paymeback\glav.paymeback.integrationtests\bin\debug\glav.paymeback.integrationtests.dll" id="92773650-8826-3e75-eae2-0e28a1cca5ae">
      <Execution id="30cdc617-a134-40b6-abec-27d1975917b8" />
      <TestMethod codeBase="D:/Data/Development/Dev Projects/PayMeBack/PayMeBack/Glav.PayMeBack.IntegrationTests/bin/Debug/Glav.PayMeBack.IntegrationTests.DLL" adapterTypeName="Microsoft.VisualStudio.TestTools.TestTypes.Unit.UnitTestAdapter, Microsoft.VisualStudio.QualityTools.Tips.UnitTest.Adapter, Version=10.0.0.0, Culture=neutral, PublicKeyToken=b03f5f7f11d50a3a" className="Glav.PayMeBack.IntegrationTests.ServiceTests.PaymentPlanServiceTests, Glav.PayMeBack.IntegrationTests, Version=1.0.0.0, Culture=neutral, PublicKeyToken=null" name="EnsureValidUserCanDeleteDebtBelongingToThem" />
    </UnitTest>
    <UnitTest name="ShouldReturnOnlyUsersMatchingSearchByCriteria" storage="d:\data\development\dev projects\paymeback\paymeback\glav.paymeback.integrationtests\bin\debug\glav.paymeback.integrationtests.dll" id="e66999b4-76df-6f8e-320f-b513663fb5dd">
      <Execution id="1a11f58b-1f05-418e-a3cb-a22646f8487d" />
      <TestMethod codeBase="D:/Data/Development/Dev Projects/PayMeBack/PayMeBack/Glav.PayMeBack.IntegrationTests/bin/Debug/Glav.PayMeBack.IntegrationTests.DLL" adapterTypeName="Microsoft.VisualStudio.TestTools.TestTypes.Unit.UnitTestAdapter, Microsoft.VisualStudio.QualityTools.Tips.UnitTest.Adapter, Version=10.0.0.0, Culture=neutral, PublicKeyToken=b03f5f7f11d50a3a" className="Glav.PayMeBack.IntegrationTests.EngineTests.UserEngineTests, Glav.PayMeBack.IntegrationTests, Version=1.0.0.0, Culture=neutral, PublicKeyToken=null" name="ShouldReturnOnlyUsersMatchingSearchByCriteria" />
    </UnitTest>
    <UnitTest name="CanProvideSummaryOfDebtOwedToMe" storage="d:\data\development\dev projects\paymeback\paymeback\glav.paymeback.integrationtests\bin\debug\glav.paymeback.integrationtests.dll" id="dcdb223f-53ea-6ec4-c18b-1149cc9d0f08">
      <Execution id="f1b87267-7238-46da-ac77-bb36e22c40ba" />
      <TestMethod codeBase="D:/Data/Development/Dev Projects/PayMeBack/PayMeBack/Glav.PayMeBack.IntegrationTests/bin/Debug/Glav.PayMeBack.IntegrationTests.DLL" adapterTypeName="Microsoft.VisualStudio.TestTools.TestTypes.Unit.UnitTestAdapter, Microsoft.VisualStudio.QualityTools.Tips.UnitTest.Adapter, Version=10.0.0.0, Culture=neutral, PublicKeyToken=b03f5f7f11d50a3a" className="Glav.PayMeBack.IntegrationTests.ServiceTests.PaymentPlanServiceTests, Glav.PayMeBack.IntegrationTests, Version=1.0.0.0, Culture=neutral, PublicKeyToken=null" name="CanProvideSummaryOfDebtOwedToMe" />
    </UnitTest>
    <UnitTest name="ShouldReturnOnlyUsersMatchingSearchByCriteriaUsingPaging" storage="d:\data\development\dev projects\paymeback\paymeback\glav.paymeback.integrationtests\bin\debug\glav.paymeback.integrationtests.dll" id="8710e914-fbad-7734-a8f3-b91a572260e9">
      <Execution id="ea173187-1dbc-4f7a-919f-ba010f8185ef" />
      <TestMethod codeBase="D:/Data/Development/Dev Projects/PayMeBack/PayMeBack/Glav.PayMeBack.IntegrationTests/bin/Debug/Glav.PayMeBack.IntegrationTests.DLL" adapterTypeName="Microsoft.VisualStudio.TestTools.TestTypes.Unit.UnitTestAdapter, Microsoft.VisualStudio.QualityTools.Tips.UnitTest.Adapter, Version=10.0.0.0, Culture=neutral, PublicKeyToken=b03f5f7f11d50a3a" className="Glav.PayMeBack.IntegrationTests.EngineTests.UserEngineTests, Glav.PayMeBack.IntegrationTests, Version=1.0.0.0, Culture=neutral, PublicKeyToken=null" name="ShouldReturnOnlyUsersMatchingSearchByCriteriaUsingPaging" />
    </UnitTest>
  </TestDefinitions>
  <TestLists>
    <TestList name="Results Not in a List" id="8c84fa94-04c1-424b-9868-57a2d4851a1d" />
    <TestList name="All Loaded Results" id="19431567-8539-422a-85d7-44ee4e166bda" />
  </TestLists>
  <TestEntries>
    <TestEntry testId="44aa9cc8-6033-5338-2c45-cc41905f5ded" executionId="6207581e-eac5-489b-9094-8a5242411e5f" testListId="8c84fa94-04c1-424b-9868-57a2d4851a1d" />
    <TestEntry testId="3dd59a0e-4e4a-df53-9231-37a61ee1389c" executionId="01f7606d-ee96-4769-95ed-0fbc8ecea082" testListId="8c84fa94-04c1-424b-9868-57a2d4851a1d" />
    <TestEntry testId="e7df2b0d-2d99-7c60-2105-111c1a6281d9" executionId="15b0b356-9fda-4351-98ce-34f0c90290b8" testListId="8c84fa94-04c1-424b-9868-57a2d4851a1d" />
    <TestEntry testId="5fd23d7e-4595-35fc-0d45-04ddfd00357d" executionId="3580da0c-fd35-489c-af90-37232be3e394" testListId="8c84fa94-04c1-424b-9868-57a2d4851a1d" />
    <TestEntry testId="e5a29dab-58d6-3bfa-be38-a0ba556c81c6" executionId="ba1c8c47-398c-409b-8899-23a4555dd0e7" testListId="8c84fa94-04c1-424b-9868-57a2d4851a1d" />
    <TestEntry testId="71cfd287-2959-021c-fc59-c0e9017df7ad" executionId="e1f4f47a-ffdd-4241-81f0-1ef71e40dfc9" testListId="8c84fa94-04c1-424b-9868-57a2d4851a1d" />
    <TestEntry testId="dcdb223f-53ea-6ec4-c18b-1149cc9d0f08" executionId="f1b87267-7238-46da-ac77-bb36e22c40ba" testListId="8c84fa94-04c1-424b-9868-57a2d4851a1d" />
    <TestEntry testId="edf32688-f572-5eae-c381-554d0bf15674" executionId="8881a7b2-fe53-4f04-8ea2-ff4283a38b38" testListId="8c84fa94-04c1-424b-9868-57a2d4851a1d" />
    <TestEntry testId="d348c1a1-5988-e632-ea7b-b77dc3143110" executionId="5a6f82e1-0720-4dcc-86a0-69bd55e01061" testListId="8c84fa94-04c1-424b-9868-57a2d4851a1d" />
    <TestEntry testId="50da6079-fcc9-3c27-2ff7-23ec27920291" executionId="c7d11ff3-be37-4030-b740-72e12320834b" testListId="8c84fa94-04c1-424b-9868-57a2d4851a1d" />
    <TestEntry testId="92773650-8826-3e75-eae2-0e28a1cca5ae" executionId="30cdc617-a134-40b6-abec-27d1975917b8" testListId="8c84fa94-04c1-424b-9868-57a2d4851a1d" />
    <TestEntry testId="bd75bfee-d75a-afac-7b4e-f8eeab7139e2" executionId="7f99e665-7b7e-43b2-8ad8-3a744219c090" testListId="8c84fa94-04c1-424b-9868-57a2d4851a1d" />
    <TestEntry testId="17c7ec79-6552-46be-8f36-803c891feba8" executionId="91514548-2ef9-4a99-bd63-953409eb1949" testListId="8c84fa94-04c1-424b-9868-57a2d4851a1d" />
    <TestEntry testId="84a45382-ae95-43a9-6b01-8fd21d3e8048" executionId="54cbba7b-2468-4aae-a8a6-0cd1a466322f" testListId="8c84fa94-04c1-424b-9868-57a2d4851a1d" />
    <TestEntry testId="85e231ee-64a4-7645-8905-c8a7a23597ed" executionId="14dee7ed-6304-4ee6-8db3-24c04ffc74a8" testListId="8c84fa94-04c1-424b-9868-57a2d4851a1d" />
    <TestEntry testId="b808ccdc-95ed-da36-2492-84e3a0485a5e" executionId="688b7561-6522-456f-a165-71d692016d67" testListId="8c84fa94-04c1-424b-9868-57a2d4851a1d" />
    <TestEntry testId="e9188809-41f6-48b4-7b33-bb563fe9b401" executionId="9fcb75bb-5587-4c16-8e13-9658a8e5a2e7" testListId="8c84fa94-04c1-424b-9868-57a2d4851a1d" />
    <TestEntry testId="2aa22940-96fb-27df-7452-07b4b151f94a" executionId="2d3567ad-fa4e-4ef1-b536-c2f650e50202" testListId="8c84fa94-04c1-424b-9868-57a2d4851a1d" />
    <TestEntry testId="e66999b4-76df-6f8e-320f-b513663fb5dd" executionId="1a11f58b-1f05-418e-a3cb-a22646f8487d" testListId="8c84fa94-04c1-424b-9868-57a2d4851a1d" />
    <TestEntry testId="8710e914-fbad-7734-a8f3-b91a572260e9" executionId="ea173187-1dbc-4f7a-919f-ba010f8185ef" testListId="8c84fa94-04c1-424b-9868-57a2d4851a1d" />
  </TestEntries>
  <Results>
    <UnitTestResult executionId="6207581e-eac5-489b-9094-8a5242411e5f" testId="44aa9cc8-6033-5338-2c45-cc41905f5ded" testName="ShouldBeAbleToSignInAndGetUserPaymentPlan" computerName="GLAVTOP" duration="00:00:01.7250621" startTime="2012-08-15T17:45:06.1693990+10:00" endTime="2012-08-15T17:45:08.2799096+10:00" testType="13cdc9d9-ddb5-4fa4-a97d-d965ccfc6d4b" outcome="Passed" testListId="8c84fa94-04c1-424b-9868-57a2d4851a1d" relativeResultsDirectory="6207581e-eac5-489b-9094-8a5242411e5f">
      <Output>
        <DebugTrace>QTAgent32.exe Information: 0 : 15/08/2012 05:45:07: CacheProvider initialised with memory cache engine

QTAgent32.exe Information: 0 : 15/08/2012 05:45:07: CacheProvider initialised with memory cache engine

QTAgent32.exe Information: 0 : 15/08/2012 05:45:07: Adding data to cache with cache key: OAuthTokenEntry_cmJxRUlvrZ_-ZVEUSn2KGWJebcBvPeYtPjjrGHKOJBI1, expiry date 2012/08/15 08:45:07

QTAgent32.exe Information: 0 : 15/08/2012 05:45:08: Adding data to cache with cache key: UserPaymentPlan_9f443915-ec91-4751-b6f7-743c39bc1f76, expiry date 2012/08/15 06:45:07

QTAgent32.exe Information: 0 : 15/08/2012 05:45:08: Adding item [UserPaymentPlan_9f443915-ec91-4751-b6f7-743c39bc1f76] to cache with expiry date/time of [15/08/2012 06:45:07].

</DebugTrace>
      </Output>
    </UnitTestResult>
    <UnitTestResult executionId="01f7606d-ee96-4769-95ed-0fbc8ecea082" testId="3dd59a0e-4e4a-df53-9231-37a61ee1389c" testName="ShouldBeAbleToAddDebtToUserPaymentPlan" computerName="GLAVTOP" duration="00:00:00.1429525" startTime="2012-08-15T17:45:08.2955198+10:00" endTime="2012-08-15T17:45:08.4361533+10:00" testType="13cdc9d9-ddb5-4fa4-a97d-d965ccfc6d4b" outcome="Passed" testListId="8c84fa94-04c1-424b-9868-57a2d4851a1d" relativeResultsDirectory="01f7606d-ee96-4769-95ed-0fbc8ecea082">
      <Output>
        <DebugTrace>QTAgent32.exe Information: 0 : 15/08/2012 05:45:08: CacheProvider initialised with memory cache engine

QTAgent32.exe Information: 0 : 15/08/2012 05:45:08: CacheProvider initialised with memory cache engine

QTAgent32.exe Information: 0 : 15/08/2012 05:45:08: Adding data to cache with cache key: OAuthTokenEntry_2twtqCoNKgeKjrv0UuK76iZdt02mRlxfzM9nPCGK9sc1, expiry date 2012/08/15 08:45:08

QTAgent32.exe Information: 0 : 15/08/2012 05:45:08: Adding data to cache with cache key: UserPaymentPlan_9fe12afe-467a-469e-9416-e7405290d91a, expiry date 2012/08/15 06:45:08

QTAgent32.exe Information: 0 : 15/08/2012 05:45:08: Adding item [UserPaymentPlan_9fe12afe-467a-469e-9416-e7405290d91a] to cache with expiry date/time of [15/08/2012 06:45:08].

QTAgent32.exe Information: 0 : 15/08/2012 05:45:08: Retrieving item [UserPaymentPlan_9fe12afe-467a-469e-9416-e7405290d91a] from cache.

QTAgent32.exe Information: 0 : 15/08/2012 05:45:08: Adding data to cache with cache key: UserPaymentPlan_9fe12afe-467a-469e-9416-e7405290d91a, expiry date 2012/08/15 06:45:08

QTAgent32.exe Information: 0 : 15/08/2012 05:45:08: Adding item [UserPaymentPlan_9fe12afe-467a-469e-9416-e7405290d91a] to cache with expiry date/time of [15/08/2012 06:45:08].

QTAgent32.exe Information: 0 : 15/08/2012 05:45:08: Adding data to cache with cache key: OAuthTokenEntry_GTbRf5qFeySMtlKpRQSx9_xe2KYuW0cve_5zzzpTZB01, expiry date 2012/08/15 08:45:08

QTAgent32.exe Information: 0 : 15/08/2012 05:45:08: Adding data to cache with cache key: UserPaymentPlan_9fe12afe-467a-469e-9416-e7405290d91a, expiry date 2012/08/15 06:45:08

QTAgent32.exe Information: 0 : 15/08/2012 05:45:08: Adding item [UserPaymentPlan_9fe12afe-467a-469e-9416-e7405290d91a] to cache with expiry date/time of [15/08/2012 06:45:08].

</DebugTrace>
      </Output>
    </UnitTestResult>
    <UnitTestResult executionId="15b0b356-9fda-4351-98ce-34f0c90290b8" testId="e7df2b0d-2d99-7c60-2105-111c1a6281d9" testName="ShouldBeAbleToAddMultipleDebtsToUserPaymentPlan" computerName="GLAVTOP" duration="00:00:00.1034253" startTime="2012-08-15T17:45:08.4361533+10:00" endTime="2012-08-15T17:45:08.5455283+10:00" testType="13cdc9d9-ddb5-4fa4-a97d-d965ccfc6d4b" outcome="Failed" testListId="8c84fa94-04c1-424b-9868-57a2d4851a1d" relativeResultsDirectory="15b0b356-9fda-4351-98ce-34f0c90290b8">
      <Output>
        <DebugTrace>QTAgent32.exe Information: 0 : 15/08/2012 05:45:08: CacheProvider initialised with memory cache engine

QTAgent32.exe Information: 0 : 15/08/2012 05:45:08: CacheProvider initialised with memory cache engine

QTAgent32.exe Information: 0 : 15/08/2012 05:45:08: Adding data to cache with cache key: OAuthTokenEntry_J531M6rH2q4YRfqRgTHMzeI4BqpPC6mEH8q4kWdIHl41, expiry date 2012/08/15 08:45:08

QTAgent32.exe Information: 0 : 15/08/2012 05:45:08: Adding data to cache with cache key: UserPaymentPlan_d00d71a5-4ce7-4fc9-b4a4-51190b13dd1c, expiry date 2012/08/15 06:45:08

QTAgent32.exe Information: 0 : 15/08/2012 05:45:08: Adding item [UserPaymentPlan_d00d71a5-4ce7-4fc9-b4a4-51190b13dd1c] to cache with expiry date/time of [15/08/2012 06:45:08].

QTAgent32.exe Information: 0 : 15/08/2012 05:45:08: Retrieving item [UserPaymentPlan_d00d71a5-4ce7-4fc9-b4a4-51190b13dd1c] from cache.

QTAgent32.exe Information: 0 : 15/08/2012 05:45:08: Adding data to cache with cache key: UserPaymentPlan_d00d71a5-4ce7-4fc9-b4a4-51190b13dd1c, expiry date 2012/08/15 06:45:08

QTAgent32.exe Information: 0 : 15/08/2012 05:45:08: Adding item [UserPaymentPlan_d00d71a5-4ce7-4fc9-b4a4-51190b13dd1c] to cache with expiry date/time of [15/08/2012 06:45:08].

QTAgent32.exe Information: 0 : 15/08/2012 05:45:08: Adding data to cache with cache key: UserPaymentPlan_d00d71a5-4ce7-4fc9-b4a4-51190b13dd1c, expiry date 2012/08/15 06:45:08

QTAgent32.exe Information: 0 : 15/08/2012 05:45:08: Adding item [UserPaymentPlan_d00d71a5-4ce7-4fc9-b4a4-51190b13dd1c] to cache with expiry date/time of [15/08/2012 06:45:08].

</DebugTrace>
        <ErrorInfo>
          <Message>Assert.IsTrue failed. </Message>
          <StackTrace>   at Glav.PayMeBack.IntegrationTests.ServiceTests.PaymentPlanServiceTests.ShouldBeAbleToAddMultipleDebtsToUserPaymentPlan() in D:\Data\Development\Dev Projects\PayMeBack\PayMeBack\Glav.PayMeBack.IntegrationTests\ServiceTests\PaymentPlanServiceTests.cs:line 119
</StackTrace>
        </ErrorInfo>
      </Output>
    </UnitTestResult>
    <UnitTestResult executionId="3580da0c-fd35-489c-af90-37232be3e394" testId="5fd23d7e-4595-35fc-0d45-04ddfd00357d" testName="ShouldBeAbleToAddPaymentInstallmentToDebt" computerName="GLAVTOP" duration="00:00:00.1265334" startTime="2012-08-15T17:45:08.5611551+10:00" endTime="2012-08-15T17:45:08.6861838+10:00" testType="13cdc9d9-ddb5-4fa4-a97d-d965ccfc6d4b" outcome="Passed" testListId="8c84fa94-04c1-424b-9868-57a2d4851a1d" relativeResultsDirectory="3580da0c-fd35-489c-af90-37232be3e394">
      <Output>
        <DebugTrace>QTAgent32.exe Information: 0 : 15/08/2012 05:45:08: CacheProvider initialised with memory cache engine

QTAgent32.exe Information: 0 : 15/08/2012 05:45:08: CacheProvider initialised with memory cache engine

QTAgent32.exe Information: 0 : 15/08/2012 05:45:08: Adding data to cache with cache key: OAuthTokenEntry_I6wGww46vjcUzKBFh-fMFdhUPlStPJ5TZYBRP708N7A1, expiry date 2012/08/15 08:45:08

QTAgent32.exe Information: 0 : 15/08/2012 05:45:08: Adding data to cache with cache key: UserPaymentPlan_a236dd52-3f07-42ec-84df-ed03805cdde1, expiry date 2012/08/15 06:45:08

QTAgent32.exe Information: 0 : 15/08/2012 05:45:08: Adding item [UserPaymentPlan_a236dd52-3f07-42ec-84df-ed03805cdde1] to cache with expiry date/time of [15/08/2012 06:45:08].

QTAgent32.exe Information: 0 : 15/08/2012 05:45:08: Retrieving item [UserPaymentPlan_a236dd52-3f07-42ec-84df-ed03805cdde1] from cache.

QTAgent32.exe Information: 0 : 15/08/2012 05:45:08: Adding data to cache with cache key: UserPaymentPlan_a236dd52-3f07-42ec-84df-ed03805cdde1, expiry date 2012/08/15 06:45:08

QTAgent32.exe Information: 0 : 15/08/2012 05:45:08: Adding item [UserPaymentPlan_a236dd52-3f07-42ec-84df-ed03805cdde1] to cache with expiry date/time of [15/08/2012 06:45:08].

QTAgent32.exe Information: 0 : 15/08/2012 05:45:08: Adding data to cache with cache key: OAuthTokenEntry_Z_Kd96EXX3u3ATVuflZS5iVkm0twQNEmoNNIpEZvUQo1, expiry date 2012/08/15 08:45:08

QTAgent32.exe Information: 0 : 15/08/2012 05:45:08: Adding data to cache with cache key: UserPaymentPlan_a236dd52-3f07-42ec-84df-ed03805cdde1, expiry date 2012/08/15 06:45:08

QTAgent32.exe Information: 0 : 15/08/2012 05:45:08: Adding item [UserPaymentPlan_a236dd52-3f07-42ec-84df-ed03805cdde1] to cache with expiry date/time of [15/08/2012 06:45:08].

QTAgent32.exe Information: 0 : 15/08/2012 05:45:08: Adding data to cache with cache key: UserPaymentPlan_a236dd52-3f07-42ec-84df-ed03805cdde1, expiry date 2012/08/15 06:45:08

QTAgent32.exe Information: 0 : 15/08/2012 05:45:08: Adding item [UserPaymentPlan_a236dd52-3f07-42ec-84df-ed03805cdde1] to cache with expiry date/time of [15/08/2012 06:45:08].

</DebugTrace>
      </Output>
    </UnitTestResult>
    <UnitTestResult executionId="ba1c8c47-398c-409b-8899-23a4555dd0e7" testId="e5a29dab-58d6-3bfa-be38-a0ba556c81c6" testName="ShouldNotBeAbleToAddPaymentInstallmentToDebtIfNoMoreDebtOwed" computerName="GLAVTOP" duration="00:00:00.1084995" startTime="2012-08-15T17:45:08.6861838+10:00" endTime="2012-08-15T17:45:08.7955633+10:00" testType="13cdc9d9-ddb5-4fa4-a97d-d965ccfc6d4b" outcome="Passed" testListId="8c84fa94-04c1-424b-9868-57a2d4851a1d" relativeResultsDirectory="ba1c8c47-398c-409b-8899-23a4555dd0e7">
      <Output>
        <DebugTrace>QTAgent32.exe Information: 0 : 15/08/2012 05:45:08: CacheProvider initialised with memory cache engine

QTAgent32.exe Information: 0 : 15/08/2012 05:45:08: CacheProvider initialised with memory cache engine

QTAgent32.exe Information: 0 : 15/08/2012 05:45:08: Adding data to cache with cache key: OAuthTokenEntry_c6CAtsb45g-fegL_Rb2FrUWoelitM8kKIPsnDjJk0oU1, expiry date 2012/08/15 08:45:08

QTAgent32.exe Information: 0 : 15/08/2012 05:45:08: Adding data to cache with cache key: UserPaymentPlan_5bd0528d-4906-4dda-aad5-d98a2a6ec1ec, expiry date 2012/08/15 06:45:08

QTAgent32.exe Information: 0 : 15/08/2012 05:45:08: Adding item [UserPaymentPlan_5bd0528d-4906-4dda-aad5-d98a2a6ec1ec] to cache with expiry date/time of [15/08/2012 06:45:08].

QTAgent32.exe Information: 0 : 15/08/2012 05:45:08: Retrieving item [UserPaymentPlan_5bd0528d-4906-4dda-aad5-d98a2a6ec1ec] from cache.

QTAgent32.exe Information: 0 : 15/08/2012 05:45:08: Adding data to cache with cache key: UserPaymentPlan_5bd0528d-4906-4dda-aad5-d98a2a6ec1ec, expiry date 2012/08/15 06:45:08

QTAgent32.exe Information: 0 : 15/08/2012 05:45:08: Adding item [UserPaymentPlan_5bd0528d-4906-4dda-aad5-d98a2a6ec1ec] to cache with expiry date/time of [15/08/2012 06:45:08].

QTAgent32.exe Information: 0 : 15/08/2012 05:45:08: Adding data to cache with cache key: OAuthTokenEntry_y6hSJ5QKPK-2w0uqratkloM1eGuzUWP74fhmaJPWSyY1, expiry date 2012/08/15 08:45:08

QTAgent32.exe Information: 0 : 15/08/2012 05:45:08: Adding data to cache with cache key: UserPaymentPlan_5bd0528d-4906-4dda-aad5-d98a2a6ec1ec, expiry date 2012/08/15 06:45:08

QTAgent32.exe Information: 0 : 15/08/2012 05:45:08: Adding item [UserPaymentPlan_5bd0528d-4906-4dda-aad5-d98a2a6ec1ec] to cache with expiry date/time of [15/08/2012 06:45:08].

QTAgent32.exe Information: 0 : 15/08/2012 05:45:08: Adding data to cache with cache key: UserPaymentPlan_5bd0528d-4906-4dda-aad5-d98a2a6ec1ec, expiry date 2012/08/15 06:45:08

QTAgent32.exe Information: 0 : 15/08/2012 05:45:08: Adding item [UserPaymentPlan_5bd0528d-4906-4dda-aad5-d98a2a6ec1ec] to cache with expiry date/time of [15/08/2012 06:45:08].

QTAgent32.exe Information: 0 : 15/08/2012 05:45:08: Adding data to cache with cache key: UserPaymentPlan_5bd0528d-4906-4dda-aad5-d98a2a6ec1ec, expiry date 2012/08/15 06:45:08

QTAgent32.exe Information: 0 : 15/08/2012 05:45:08: Adding item [UserPaymentPlan_5bd0528d-4906-4dda-aad5-d98a2a6ec1ec] to cache with expiry date/time of [15/08/2012 06:45:08].

</DebugTrace>
      </Output>
    </UnitTestResult>
    <UnitTestResult executionId="e1f4f47a-ffdd-4241-81f0-1ef71e40dfc9" testId="71cfd287-2959-021c-fc59-c0e9017df7ad" testName="CanAddDebtOwedToMe" computerName="GLAVTOP" duration="00:00:00.0825727" startTime="2012-08-15T17:45:08.8111678+10:00" endTime="2012-08-15T17:45:08.8892966+10:00" testType="13cdc9d9-ddb5-4fa4-a97d-d965ccfc6d4b" outcome="Passed" testListId="8c84fa94-04c1-424b-9868-57a2d4851a1d" relativeResultsDirectory="e1f4f47a-ffdd-4241-81f0-1ef71e40dfc9">
      <Output>
        <DebugTrace>QTAgent32.exe Information: 0 : 15/08/2012 05:45:08: CacheProvider initialised with memory cache engine

QTAgent32.exe Information: 0 : 15/08/2012 05:45:08: CacheProvider initialised with memory cache engine

QTAgent32.exe Information: 0 : 15/08/2012 05:45:08: Adding data to cache with cache key: OAuthTokenEntry_Z3v0yKnwhLpHp4ZBH7vW3SJ6G_Nd_SupWJa877tOeTs1, expiry date 2012/08/15 08:45:08

QTAgent32.exe Information: 0 : 15/08/2012 05:45:08: Adding data to cache with cache key: UserPaymentPlan_ca2378a0-a1a6-44b9-94f4-bd7a95ddf386, expiry date 2012/08/15 06:45:08

QTAgent32.exe Information: 0 : 15/08/2012 05:45:08: Adding item [UserPaymentPlan_ca2378a0-a1a6-44b9-94f4-bd7a95ddf386] to cache with expiry date/time of [15/08/2012 06:45:08].

QTAgent32.exe Information: 0 : 15/08/2012 05:45:08: CacheProvider initialised with memory cache engine

QTAgent32.exe Information: 0 : 15/08/2012 05:45:08: Adding data to cache with cache key: OAuthTokenEntry_GxGsmFjqMGiE5kZ6JeGmeaDWkXKb5Z6lTtS6OpS0_f41, expiry date 2012/08/15 08:45:08

QTAgent32.exe Information: 0 : 15/08/2012 05:45:08: Retrieving item [UserPaymentPlan_ca2378a0-a1a6-44b9-94f4-bd7a95ddf386] from cache.

QTAgent32.exe Information: 0 : 15/08/2012 05:45:08: Adding data to cache with cache key: UserPaymentPlan_ca2378a0-a1a6-44b9-94f4-bd7a95ddf386, expiry date 2012/08/15 06:45:08

QTAgent32.exe Information: 0 : 15/08/2012 05:45:08: Adding item [UserPaymentPlan_ca2378a0-a1a6-44b9-94f4-bd7a95ddf386] to cache with expiry date/time of [15/08/2012 06:45:08].

QTAgent32.exe Information: 0 : 15/08/2012 05:45:08: Adding data to cache with cache key: UserPaymentPlan_ca2378a0-a1a6-44b9-94f4-bd7a95ddf386, expiry date 2012/08/15 06:45:08

QTAgent32.exe Information: 0 : 15/08/2012 05:45:08: Adding item [UserPaymentPlan_ca2378a0-a1a6-44b9-94f4-bd7a95ddf386] to cache with expiry date/time of [15/08/2012 06:45:08].

</DebugTrace>
      </Output>
    </UnitTestResult>
    <UnitTestResult executionId="f1b87267-7238-46da-ac77-bb36e22c40ba" testId="dcdb223f-53ea-6ec4-c18b-1149cc9d0f08" testName="CanProvideSummaryOfDebtOwedToMe" computerName="GLAVTOP" duration="00:00:00.1443864" startTime="2012-08-15T17:45:08.8892966+10:00" endTime="2012-08-15T17:45:09.0455757+10:00" testType="13cdc9d9-ddb5-4fa4-a97d-d965ccfc6d4b" outcome="Passed" testListId="8c84fa94-04c1-424b-9868-57a2d4851a1d" relativeResultsDirectory="f1b87267-7238-46da-ac77-bb36e22c40ba">
      <Output>
        <DebugTrace>QTAgent32.exe Information: 0 : 15/08/2012 05:45:08: CacheProvider initialised with memory cache engine

QTAgent32.exe Information: 0 : 15/08/2012 05:45:08: CacheProvider initialised with memory cache engine

QTAgent32.exe Information: 0 : 15/08/2012 05:45:08: Adding data to cache with cache key: OAuthTokenEntry_1K6ZPdFBZ67G5Q0mOuzqlibVrcpLGHM0nZvmZytSlIs1, expiry date 2012/08/15 08:45:08

QTAgent32.exe Information: 0 : 15/08/2012 05:45:08: Adding data to cache with cache key: UserPaymentPlan_c69e522e-2e7c-489e-aa3b-92e2b48b43d2, expiry date 2012/08/15 06:45:08

QTAgent32.exe Information: 0 : 15/08/2012 05:45:08: Adding item [UserPaymentPlan_c69e522e-2e7c-489e-aa3b-92e2b48b43d2] to cache with expiry date/time of [15/08/2012 06:45:08].

QTAgent32.exe Information: 0 : 15/08/2012 05:45:08: CacheProvider initialised with memory cache engine

QTAgent32.exe Information: 0 : 15/08/2012 05:45:09: Adding data to cache with cache key: OAuthTokenEntry_hofqLus_meanNXUda8ryTUPcgAjgrQ6bu-jVCCPnzFU1, expiry date 2012/08/15 08:45:09

QTAgent32.exe Information: 0 : 15/08/2012 05:45:09: Retrieving item [UserPaymentPlan_c69e522e-2e7c-489e-aa3b-92e2b48b43d2] from cache.

QTAgent32.exe Information: 0 : 15/08/2012 05:45:09: Adding data to cache with cache key: UserPaymentPlan_c69e522e-2e7c-489e-aa3b-92e2b48b43d2, expiry date 2012/08/15 06:45:09

QTAgent32.exe Information: 0 : 15/08/2012 05:45:09: Adding item [UserPaymentPlan_c69e522e-2e7c-489e-aa3b-92e2b48b43d2] to cache with expiry date/time of [15/08/2012 06:45:09].

QTAgent32.exe Information: 0 : 15/08/2012 05:45:09: Adding data to cache with cache key: UserPaymentPlan_c69e522e-2e7c-489e-aa3b-92e2b48b43d2, expiry date 2012/08/15 06:45:09

QTAgent32.exe Information: 0 : 15/08/2012 05:45:09: Adding item [UserPaymentPlan_c69e522e-2e7c-489e-aa3b-92e2b48b43d2] to cache with expiry date/time of [15/08/2012 06:45:09].

</DebugTrace>
      </Output>
    </UnitTestResult>
    <UnitTestResult executionId="8881a7b2-fe53-4f04-8ea2-ff4283a38b38" testId="edf32688-f572-5eae-c381-554d0bf15674" testName="CanNotChangeDebtsOwedToOthers" computerName="GLAVTOP" duration="00:00:00.0458324" startTime="2012-08-15T17:45:09.0455757+10:00" endTime="2012-08-15T17:45:09.1080550+10:00" testType="13cdc9d9-ddb5-4fa4-a97d-d965ccfc6d4b" outcome="Passed" testListId="8c84fa94-04c1-424b-9868-57a2d4851a1d" relativeResultsDirectory="8881a7b2-fe53-4f04-8ea2-ff4283a38b38">
      <Output>
        <DebugTrace>QTAgent32.exe Information: 0 : 15/08/2012 05:45:09: CacheProvider initialised with memory cache engine

QTAgent32.exe Information: 0 : 15/08/2012 05:45:09: CacheProvider initialised with memory cache engine

QTAgent32.exe Information: 0 : 15/08/2012 05:45:09: Adding data to cache with cache key: OAuthTokenEntry_hg1f7NTZe5FUjS9rHkZiVbM0RtlKHSOpBZsGWiu1CoM1, expiry date 2012/08/15 08:45:09

QTAgent32.exe Information: 0 : 15/08/2012 05:45:09: Adding data to cache with cache key: UserPaymentPlan_2539f3a0-790f-44c5-a40a-e927c98ac40c, expiry date 2012/08/15 06:45:09

QTAgent32.exe Information: 0 : 15/08/2012 05:45:09: Adding item [UserPaymentPlan_2539f3a0-790f-44c5-a40a-e927c98ac40c] to cache with expiry date/time of [15/08/2012 06:45:09].

QTAgent32.exe Information: 0 : 15/08/2012 05:45:09: Retrieving item [UserPaymentPlan_2539f3a0-790f-44c5-a40a-e927c98ac40c] from cache.

QTAgent32.exe Information: 0 : 15/08/2012 05:45:09: Adding data to cache with cache key: UserPaymentPlan_2539f3a0-790f-44c5-a40a-e927c98ac40c, expiry date 2012/08/15 06:45:09

QTAgent32.exe Information: 0 : 15/08/2012 05:45:09: Adding item [UserPaymentPlan_2539f3a0-790f-44c5-a40a-e927c98ac40c] to cache with expiry date/time of [15/08/2012 06:45:09].

QTAgent32.exe Information: 0 : 15/08/2012 05:45:09: Adding data to cache with cache key: UserPaymentPlan_2539f3a0-790f-44c5-a40a-e927c98ac40c, expiry date 2012/08/15 06:45:09

QTAgent32.exe Information: 0 : 15/08/2012 05:45:09: Adding item [UserPaymentPlan_2539f3a0-790f-44c5-a40a-e927c98ac40c] to cache with expiry date/time of [15/08/2012 06:45:09].

</DebugTrace>
      </Output>
    </UnitTestResult>
    <UnitTestResult executionId="5a6f82e1-0720-4dcc-86a0-69bd55e01061" testId="d348c1a1-5988-e632-ea7b-b77dc3143110" testName="CanRetrieveDebtsIOweToOthers" computerName="GLAVTOP" duration="00:00:00.0786989" startTime="2012-08-15T17:45:09.1080550+10:00" endTime="2012-08-15T17:45:09.1861830+10:00" testType="13cdc9d9-ddb5-4fa4-a97d-d965ccfc6d4b" outcome="Passed" testListId="8c84fa94-04c1-424b-9868-57a2d4851a1d" relativeResultsDirectory="5a6f82e1-0720-4dcc-86a0-69bd55e01061">
      <Output>
        <DebugTrace>QTAgent32.exe Information: 0 : 15/08/2012 05:45:09: CacheProvider initialised with memory cache engine

QTAgent32.exe Information: 0 : 15/08/2012 05:45:09: CacheProvider initialised with memory cache engine

QTAgent32.exe Information: 0 : 15/08/2012 05:45:09: Adding data to cache with cache key: OAuthTokenEntry_dJQ12EqSa4xP8wnqRRO67IAIu7qYQ-d2kSmSEwwr3eU1, expiry date 2012/08/15 08:45:09

QTAgent32.exe Information: 0 : 15/08/2012 05:45:09: CacheProvider initialised with memory cache engine

QTAgent32.exe Information: 0 : 15/08/2012 05:45:09: Adding data to cache with cache key: OAuthTokenEntry_k8Wq88EDd1ggFfIvz3dJhovDXGpMoTnmX0CRThLGW8U1, expiry date 2012/08/15 08:45:09

User who owes debt = e81734fa-b186-404a-9ee0-c3654557a43d
User who is owed the debt = 0f5b90b3-8d6f-4159-853c-0f86b1e4d980
QTAgent32.exe Information: 0 : 15/08/2012 05:45:09: Adding data to cache with cache key: UserPaymentPlan_0f5b90b3-8d6f-4159-853c-0f86b1e4d980, expiry date 2012/08/15 06:45:09

QTAgent32.exe Information: 0 : 15/08/2012 05:45:09: Adding item [UserPaymentPlan_0f5b90b3-8d6f-4159-853c-0f86b1e4d980] to cache with expiry date/time of [15/08/2012 06:45:09].

QTAgent32.exe Information: 0 : 15/08/2012 05:45:09: Adding data to cache with cache key: UserPaymentPlan_e81734fa-b186-404a-9ee0-c3654557a43d, expiry date 2012/08/15 06:45:09

QTAgent32.exe Information: 0 : 15/08/2012 05:45:09: Adding item [UserPaymentPlan_e81734fa-b186-404a-9ee0-c3654557a43d] to cache with expiry date/time of [15/08/2012 06:45:09].

</DebugTrace>
      </Output>
    </UnitTestResult>
    <UnitTestResult executionId="c7d11ff3-be37-4030-b740-72e12320834b" testId="50da6079-fcc9-3c27-2ff7-23ec27920291" testName="EnsureValidUserCannotDeleteDebtNotBelongingToThem" computerName="GLAVTOP" duration="00:00:00.1117929" startTime="2012-08-15T17:45:09.1861830+10:00" endTime="2012-08-15T17:45:09.3111878+10:00" testType="13cdc9d9-ddb5-4fa4-a97d-d965ccfc6d4b" outcome="Passed" testListId="8c84fa94-04c1-424b-9868-57a2d4851a1d" relativeResultsDirectory="c7d11ff3-be37-4030-b740-72e12320834b">
      <Output>
        <DebugTrace>QTAgent32.exe Information: 0 : 15/08/2012 05:45:09: CacheProvider initialised with memory cache engine

QTAgent32.exe Information: 0 : 15/08/2012 05:45:09: CacheProvider initialised with memory cache engine

QTAgent32.exe Information: 0 : 15/08/2012 05:45:09: Adding data to cache with cache key: OAuthTokenEntry_dnB2BzZGoP044F9kbfp4xwwb895UGLyO852xmEQnSlc1, expiry date 2012/08/15 08:45:09

QTAgent32.exe Information: 0 : 15/08/2012 05:45:09: Adding data to cache with cache key: UserPaymentPlan_20e9219a-0e92-4712-8dee-d733a509a6e4, expiry date 2012/08/15 06:45:09

QTAgent32.exe Information: 0 : 15/08/2012 05:45:09: Adding item [UserPaymentPlan_20e9219a-0e92-4712-8dee-d733a509a6e4] to cache with expiry date/time of [15/08/2012 06:45:09].

QTAgent32.exe Information: 0 : 15/08/2012 05:45:09: CacheProvider initialised with memory cache engine

QTAgent32.exe Information: 0 : 15/08/2012 05:45:09: Adding data to cache with cache key: OAuthTokenEntry_BExkzStqRI7dvuSos1JnjjDvjbBEnnbVARAWmuV1zAY1, expiry date 2012/08/15 08:45:09

QTAgent32.exe Information: 0 : 15/08/2012 05:45:09: CacheProvider initialised with memory cache engine

QTAgent32.exe Information: 0 : 15/08/2012 05:45:09: Adding data to cache with cache key: OAuthTokenEntry_9N1DJc5vK7vSSAcN1FYJt9QHXJZgXYe2ljT7LRdXGnw1, expiry date 2012/08/15 08:45:09

QTAgent32.exe Information: 0 : 15/08/2012 05:45:09: Retrieving item [UserPaymentPlan_20e9219a-0e92-4712-8dee-d733a509a6e4] from cache.

QTAgent32.exe Information: 0 : 15/08/2012 05:45:09: Adding data to cache with cache key: UserPaymentPlan_20e9219a-0e92-4712-8dee-d733a509a6e4, expiry date 2012/08/15 06:45:09

QTAgent32.exe Information: 0 : 15/08/2012 05:45:09: Adding item [UserPaymentPlan_20e9219a-0e92-4712-8dee-d733a509a6e4] to cache with expiry date/time of [15/08/2012 06:45:09].

QTAgent32.exe Information: 0 : 15/08/2012 05:45:09: Adding data to cache with cache key: UserPaymentPlan_20e9219a-0e92-4712-8dee-d733a509a6e4, expiry date 2012/08/15 06:45:09

QTAgent32.exe Information: 0 : 15/08/2012 05:45:09: Adding item [UserPaymentPlan_20e9219a-0e92-4712-8dee-d733a509a6e4] to cache with expiry date/time of [15/08/2012 06:45:09].

QTAgent32.exe Information: 0 : 15/08/2012 05:45:09: Adding data to cache with cache key: UserPaymentPlan_0f3a5411-03ba-4699-83f9-c5ec5f37a5bb, expiry date 2012/08/15 06:45:09

QTAgent32.exe Information: 0 : 15/08/2012 05:45:09: Adding item [UserPaymentPlan_0f3a5411-03ba-4699-83f9-c5ec5f37a5bb] to cache with expiry date/time of [15/08/2012 06:45:09].

</DebugTrace>
      </Output>
    </UnitTestResult>
    <UnitTestResult executionId="30cdc617-a134-40b6-abec-27d1975917b8" testId="92773650-8826-3e75-eae2-0e28a1cca5ae" testName="EnsureValidUserCanDeleteDebtBelongingToThem" computerName="GLAVTOP" duration="00:00:00.1603828" startTime="2012-08-15T17:45:09.3111878+10:00" endTime="2012-08-15T17:45:09.4830690+10:00" testType="13cdc9d9-ddb5-4fa4-a97d-d965ccfc6d4b" outcome="Passed" testListId="8c84fa94-04c1-424b-9868-57a2d4851a1d" relativeResultsDirectory="30cdc617-a134-40b6-abec-27d1975917b8">
      <Output>
        <DebugTrace>QTAgent32.exe Information: 0 : 15/08/2012 05:45:09: CacheProvider initialised with memory cache engine

QTAgent32.exe Information: 0 : 15/08/2012 05:45:09: CacheProvider initialised with memory cache engine

QTAgent32.exe Information: 0 : 15/08/2012 05:45:09: Adding data to cache with cache key: OAuthTokenEntry_0O2_GlUIDVWM95Jhw3zZce15pPSgFfexdh88RIro1aw1, expiry date 2012/08/15 08:45:09

QTAgent32.exe Information: 0 : 15/08/2012 05:45:09: Adding data to cache with cache key: UserPaymentPlan_542a45ee-4498-4b1d-a895-9308385ec058, expiry date 2012/08/15 06:45:09

QTAgent32.exe Information: 0 : 15/08/2012 05:45:09: Adding item [UserPaymentPlan_542a45ee-4498-4b1d-a895-9308385ec058] to cache with expiry date/time of [15/08/2012 06:45:09].

QTAgent32.exe Information: 0 : 15/08/2012 05:45:09: CacheProvider initialised with memory cache engine

QTAgent32.exe Information: 0 : 15/08/2012 05:45:09: Adding data to cache with cache key: OAuthTokenEntry_YzO_UDe4wbNTTnncrQpDw9osARNgtuI9FcDorL4bzuU1, expiry date 2012/08/15 08:45:09

QTAgent32.exe Information: 0 : 15/08/2012 05:45:09: Retrieving item [UserPaymentPlan_542a45ee-4498-4b1d-a895-9308385ec058] from cache.

QTAgent32.exe Information: 0 : 15/08/2012 05:45:09: Adding data to cache with cache key: UserPaymentPlan_542a45ee-4498-4b1d-a895-9308385ec058, expiry date 2012/08/15 06:45:09

QTAgent32.exe Information: 0 : 15/08/2012 05:45:09: Adding item [UserPaymentPlan_542a45ee-4498-4b1d-a895-9308385ec058] to cache with expiry date/time of [15/08/2012 06:45:09].

QTAgent32.exe Information: 0 : 15/08/2012 05:45:09: Adding data to cache with cache key: UserPaymentPlan_542a45ee-4498-4b1d-a895-9308385ec058, expiry date 2012/08/15 06:45:09

QTAgent32.exe Information: 0 : 15/08/2012 05:45:09: Adding item [UserPaymentPlan_542a45ee-4498-4b1d-a895-9308385ec058] to cache with expiry date/time of [15/08/2012 06:45:09].

QTAgent32.exe Information: 0 : 15/08/2012 05:45:09: Retrieving item [UserPaymentPlan_542a45ee-4498-4b1d-a895-9308385ec058] from cache.

QTAgent32.exe Information: 0 : 15/08/2012 05:45:09: Adding data to cache with cache key: UserPaymentPlan_542a45ee-4498-4b1d-a895-9308385ec058, expiry date 2012/08/15 06:45:09

QTAgent32.exe Information: 0 : 15/08/2012 05:45:09: Adding item [UserPaymentPlan_542a45ee-4498-4b1d-a895-9308385ec058] to cache with expiry date/time of [15/08/2012 06:45:09].

QTAgent32.exe Information: 0 : 15/08/2012 05:45:09: Adding data to cache with cache key: UserPaymentPlan_542a45ee-4498-4b1d-a895-9308385ec058, expiry date 2012/08/15 06:45:09

QTAgent32.exe Information: 0 : 15/08/2012 05:45:09: Adding item [UserPaymentPlan_542a45ee-4498-4b1d-a895-9308385ec058] to cache with expiry date/time of [15/08/2012 06:45:09].

</DebugTrace>
      </Output>
    </UnitTestResult>
    <UnitTestResult executionId="7f99e665-7b7e-43b2-8ad8-3a744219c090" testId="bd75bfee-d75a-afac-7b4e-f8eeab7139e2" testName="SHouldBeAbleToSignUpAndSignIn" computerName="GLAVTOP" duration="00:00:00.0282511" startTime="2012-08-15T17:45:09.4830690+10:00" endTime="2012-08-15T17:45:09.5143202+10:00" testType="13cdc9d9-ddb5-4fa4-a97d-d965ccfc6d4b" outcome="Passed" testListId="8c84fa94-04c1-424b-9868-57a2d4851a1d" relativeResultsDirectory="7f99e665-7b7e-43b2-8ad8-3a744219c090">
      <Output>
        <DebugTrace>QTAgent32.exe Information: 0 : 15/08/2012 05:45:09: CacheProvider initialised with memory cache engine

QTAgent32.exe Information: 0 : 15/08/2012 05:45:09: Adding data to cache with cache key: OAuthTokenEntry_659uXyXo037PJTpCa0jJnVQ7zW3ZH8S6MGfF98O6bMw1, expiry date 2012/08/15 08:45:09

</DebugTrace>
      </Output>
    </UnitTestResult>
    <UnitTestResult executionId="91514548-2ef9-4a99-bd63-953409eb1949" testId="17c7ec79-6552-46be-8f36-803c891feba8" testName="ShouldNotBeAbleToSignInWhenUserNotValidated" computerName="GLAVTOP" duration="00:00:00.0152675" startTime="2012-08-15T17:45:09.5299682+10:00" endTime="2012-08-15T17:45:09.5768226+10:00" testType="13cdc9d9-ddb5-4fa4-a97d-d965ccfc6d4b" outcome="Passed" testListId="8c84fa94-04c1-424b-9868-57a2d4851a1d" relativeResultsDirectory="91514548-2ef9-4a99-bd63-953409eb1949">
      <Output>
        <DebugTrace>QTAgent32.exe Information: 0 : 15/08/2012 05:45:09: CacheProvider initialised with memory cache engine

</DebugTrace>
      </Output>
    </UnitTestResult>
    <UnitTestResult executionId="54cbba7b-2468-4aae-a8a6-0cd1a466322f" testId="84a45382-ae95-43a9-6b01-8fd21d3e8048" testName="ShouldNotBeAbleToSignInWithEmptyPasswordEvenIfValidated" computerName="GLAVTOP" duration="00:00:00.0292282" startTime="2012-08-15T17:45:09.5768226+10:00" endTime="2012-08-15T17:45:09.6080950+10:00" testType="13cdc9d9-ddb5-4fa4-a97d-d965ccfc6d4b" outcome="Passed" testListId="8c84fa94-04c1-424b-9868-57a2d4851a1d" relativeResultsDirectory="54cbba7b-2468-4aae-a8a6-0cd1a466322f">
      <Output>
        <DebugTrace>QTAgent32.exe Information: 0 : 15/08/2012 05:45:09: CacheProvider initialised with memory cache engine

</DebugTrace>
      </Output>
    </UnitTestResult>
    <UnitTestResult executionId="14dee7ed-6304-4ee6-8db3-24c04ffc74a8" testId="85e231ee-64a4-7645-8905-c8a7a23597ed" testName="CannotSaveUserWithoutEmail" computerName="GLAVTOP" duration="00:00:00.0022316" startTime="2012-08-15T17:45:09.6080950+10:00" endTime="2012-08-15T17:45:09.6237237+10:00" testType="13cdc9d9-ddb5-4fa4-a97d-d965ccfc6d4b" outcome="Passed" testListId="8c84fa94-04c1-424b-9868-57a2d4851a1d" relativeResultsDirectory="14dee7ed-6304-4ee6-8db3-24c04ffc74a8">
      <Output>
        <DebugTrace>QTAgent32.exe Information: 0 : 15/08/2012 05:45:09: CacheProvider initialised with memory cache engine

</DebugTrace>
      </Output>
    </UnitTestResult>
    <UnitTestResult executionId="688b7561-6522-456f-a165-71d692016d67" testId="b808ccdc-95ed-da36-2492-84e3a0485a5e" testName="ShouldBeAbleToSaveUnvalidatedUserWithOnlyEmailAddress" computerName="GLAVTOP" duration="00:00:00.0093072" startTime="2012-08-15T17:45:09.6237237+10:00" endTime="2012-08-15T17:45:09.6393258+10:00" testType="13cdc9d9-ddb5-4fa4-a97d-d965ccfc6d4b" outcome="Passed" testListId="8c84fa94-04c1-424b-9868-57a2d4851a1d" relativeResultsDirectory="688b7561-6522-456f-a165-71d692016d67">
      <Output>
        <DebugTrace>QTAgent32.exe Information: 0 : 15/08/2012 05:45:09: CacheProvider initialised with memory cache engine

</DebugTrace>
      </Output>
    </UnitTestResult>
    <UnitTestResult executionId="9fcb75bb-5587-4c16-8e13-9658a8e5a2e7" testId="e9188809-41f6-48b4-7b33-bb563fe9b401" testName="ShouldNotBeAbleToSaveNewUnvalidatedUserWithSameEmailAsExistingUser" computerName="GLAVTOP" duration="00:00:00.0115338" startTime="2012-08-15T17:45:09.6393258+10:00" endTime="2012-08-15T17:45:09.6549730+10:00" testType="13cdc9d9-ddb5-4fa4-a97d-d965ccfc6d4b" outcome="Passed" testListId="8c84fa94-04c1-424b-9868-57a2d4851a1d" relativeResultsDirectory="9fcb75bb-5587-4c16-8e13-9658a8e5a2e7">
      <Output>
        <DebugTrace>QTAgent32.exe Information: 0 : 15/08/2012 05:45:09: CacheProvider initialised with memory cache engine

</DebugTrace>
      </Output>
    </UnitTestResult>
    <UnitTestResult executionId="2d3567ad-fa4e-4ef1-b536-c2f650e50202" testId="2aa22940-96fb-27df-7452-07b4b151f94a" testName="ShouldReturnAllUsers" computerName="GLAVTOP" duration="00:00:00.3024583" startTime="2012-08-15T17:45:09.6549730+10:00" endTime="2012-08-15T17:45:09.9674627+10:00" testType="13cdc9d9-ddb5-4fa4-a97d-d965ccfc6d4b" outcome="Passed" testListId="8c84fa94-04c1-424b-9868-57a2d4851a1d" relativeResultsDirectory="2d3567ad-fa4e-4ef1-b536-c2f650e50202">
      <Output>
        <DebugTrace>QTAgent32.exe Information: 0 : 15/08/2012 05:45:09: CacheProvider initialised with memory cache engine

</DebugTrace>
      </Output>
    </UnitTestResult>
    <UnitTestResult executionId="1a11f58b-1f05-418e-a3cb-a22646f8487d" testId="e66999b4-76df-6f8e-320f-b513663fb5dd" testName="ShouldReturnOnlyUsersMatchingSearchByCriteria" computerName="GLAVTOP" duration="00:00:00.2533426" startTime="2012-08-15T17:45:09.9674627+10:00" endTime="2012-08-15T17:45:10.2331229+10:00" testType="13cdc9d9-ddb5-4fa4-a97d-d965ccfc6d4b" outcome="Passed" testListId="8c84fa94-04c1-424b-9868-57a2d4851a1d" relativeResultsDirectory="1a11f58b-1f05-418e-a3cb-a22646f8487d">
      <Output>
        <DebugTrace>QTAgent32.exe Information: 0 : 15/08/2012 05:45:09: CacheProvider initialised with memory cache engine

</DebugTrace>
      </Output>
    </UnitTestResult>
    <UnitTestResult executionId="ea173187-1dbc-4f7a-919f-ba010f8185ef" testId="8710e914-fbad-7734-a8f3-b91a572260e9" testName="ShouldReturnOnlyUsersMatchingSearchByCriteriaUsingPaging" computerName="GLAVTOP" duration="00:00:00.2655859" startTime="2012-08-15T17:45:10.2331229+10:00" endTime="2012-08-15T17:45:10.4987331+10:00" testType="13cdc9d9-ddb5-4fa4-a97d-d965ccfc6d4b" outcome="Passed" testListId="8c84fa94-04c1-424b-9868-57a2d4851a1d" relativeResultsDirectory="ea173187-1dbc-4f7a-919f-ba010f8185ef">
      <Output>
        <DebugTrace>QTAgent32.exe Information: 0 : 15/08/2012 05:45:10: CacheProvider initialised with memory cache engine

</DebugTrace>
      </Output>
    </UnitTestResult>
  </Results>
</TestRun>