<?xml version="1.0" encoding="UTF-8"?>
<TestRun id="0ae82b77-8d65-4d2b-a296-ae0f71810539" name="Paul@GLAVTOP 2012-08-15 18:18:59" runUser="GLAVTOP\Paul" xmlns="http://microsoft.com/schemas/VisualStudio/TeamTest/2010">
  <TestSettings name="Local" id="d23f8251-c841-4598-9abe-942041d14e8c">
    <Description>These are default test settings for a local test run.</Description>
    <Deployment userDeploymentRoot="D:\Data\Development\Dev Projects\PayMeBack\PayMeBack\TestResults" useDefaultDeploymentRoot="false" runDeploymentRoot="Paul_GLAVTOP 2012-08-15 18_18_59">
      <DeploymentItem filename="D:\Data\Development\Dev Projects\PayMeBack\PayMeBack\Dependecies\Autofac-2.4.4.705-NET40\Autofac.dll" />
      <DeploymentItem filename="D:\Data\Development\Dev Projects\PayMeBack\PayMeBack\Glav.PayMeBack.Core\bin\Debug\Glav.PayMeBack.Core.dll" />
      <DeploymentItem filename="D:\Data\Development\Dev Projects\PayMeBack\PayMeBack\MvcWebRole1\bin\Glav.PayMeBack.Web.dll" />
    </Deployment>
    <Execution>
      <TestTypeSpecific>
        <UnitTestRunConfig testTypeId="13cdc9d9-ddb5-4fa4-a97d-d965ccfc6d4b">
          <AssemblyResolution>
            <TestDirectory useLoadContext="true" />
          </AssemblyResolution>
        </UnitTestRunConfig>
        <WebTestRunConfiguration testTypeId="4e7599fa-5ecb-43e9-a887-cd63cf72d207">
          <Browser name="Internet Explorer 7.0">
            <Headers>
              <Header name="User-Agent" value="Mozilla/4.0 (compatible; MSIE 7.0; Windows NT 5.1)" />
              <Header name="Accept" value="*/*" />
              <Header name="Accept-Language" value="{{$IEAcceptLanguage}}" />
              <Header name="Accept-Encoding" value="GZIP" />
            </Headers>
          </Browser>
        </WebTestRunConfiguration>
      </TestTypeSpecific>
      <AgentRule name="LocalMachineDefaultRole">
      </AgentRule>
    </Execution>
  </TestSettings>
  <Times creation="2012-08-15T18:18:59.3530485+10:00" queuing="2012-08-15T18:19:03.4968503+10:00" start="2012-08-15T18:19:04.5760662+10:00" finish="2012-08-15T18:19:47.0360147+10:00" />
  <ResultSummary outcome="Completed">
    <Counters total="1" executed="1" passed="1" error="0" failed="0" timeout="0" aborted="0" inconclusive="0" passedButRunAborted="0" notRunnable="0" notExecuted="0" disconnected="0" warning="0" completed="0" inProgress="0" pending="0" />
  </ResultSummary>
  <TestDefinitions>
    <UnitTest name="ShouldBeAbleToAddPaymentInstallmentToDebt" storage="d:\data\development\dev projects\paymeback\paymeback\glav.paymeback.integrationtests\bin\debug\glav.paymeback.integrationtests.dll" id="5fd23d7e-4595-35fc-0d45-04ddfd00357d">
      <Execution id="2ee11a77-acbb-4b20-bd48-604f21fe7c79" />
      <TestMethod codeBase="D:/Data/Development/Dev Projects/PayMeBack/PayMeBack/Glav.PayMeBack.IntegrationTests/bin/Debug/Glav.PayMeBack.IntegrationTests.DLL" adapterTypeName="Microsoft.VisualStudio.TestTools.TestTypes.Unit.UnitTestAdapter, Microsoft.VisualStudio.QualityTools.Tips.UnitTest.Adapter, Version=10.0.0.0, Culture=neutral, PublicKeyToken=b03f5f7f11d50a3a" className="Glav.PayMeBack.IntegrationTests.ServiceTests.PaymentPlanServiceTests, Glav.PayMeBack.IntegrationTests, Version=1.0.0.0, Culture=neutral, PublicKeyToken=null" name="ShouldBeAbleToAddPaymentInstallmentToDebt" />
    </UnitTest>
  </TestDefinitions>
  <TestLists>
    <TestList name="Results Not in a List" id="8c84fa94-04c1-424b-9868-57a2d4851a1d" />
    <TestList name="All Loaded Results" id="19431567-8539-422a-85d7-44ee4e166bda" />
  </TestLists>
  <TestEntries>
    <TestEntry testId="5fd23d7e-4595-35fc-0d45-04ddfd00357d" executionId="2ee11a77-acbb-4b20-bd48-604f21fe7c79" testListId="8c84fa94-04c1-424b-9868-57a2d4851a1d" />
  </TestEntries>
  <Results>
    <UnitTestResult executionId="2ee11a77-acbb-4b20-bd48-604f21fe7c79" testId="5fd23d7e-4595-35fc-0d45-04ddfd00357d" testName="ShouldBeAbleToAddPaymentInstallmentToDebt" computerName="GLAVTOP" duration="00:00:37.4578216" startTime="2012-08-15T18:19:05.1073093+10:00" endTime="2012-08-15T18:19:45.1296941+10:00" testType="13cdc9d9-ddb5-4fa4-a97d-d965ccfc6d4b" outcome="Passed" testListId="8c84fa94-04c1-424b-9868-57a2d4851a1d" relativeResultsDirectory="2ee11a77-acbb-4b20-bd48-604f21fe7c79">
      <Output>
        <DebugTrace>QTAgent32.exe Information: 0 : 15/08/2012 06:19:09: CacheProvider initialised with memory cache engine

QTAgent32.exe Information: 0 : 15/08/2012 06:19:09: CacheProvider initialised with memory cache engine

QTAgent32.exe Information: 0 : 15/08/2012 06:19:10: Adding data to cache with cache key: OAuthTokenEntry_lvXDzqu3pwRMH10wMUITKywOBIRiSfJKNTDmyPv13Xs1, expiry date 2012/08/15 09:19:10

QTAgent32.exe Information: 0 : 15/08/2012 06:19:11: Adding data to cache with cache key: UserPaymentPlan_d2ace41f-284a-49d8-9bc5-597004fe7916, expiry date 2012/08/15 07:19:10

QTAgent32.exe Information: 0 : 15/08/2012 06:19:11: Adding item [UserPaymentPlan_d2ace41f-284a-49d8-9bc5-597004fe7916] to cache with expiry date/time of [15/08/2012 07:19:10].

QTAgent32.exe Information: 0 : 15/08/2012 06:19:11: Retrieving item [UserPaymentPlan_d2ace41f-284a-49d8-9bc5-597004fe7916] from cache.

QTAgent32.exe Information: 0 : 15/08/2012 06:19:11: Adding data to cache with cache key: UserPaymentPlan_d2ace41f-284a-49d8-9bc5-597004fe7916, expiry date 2012/08/15 07:19:11

QTAgent32.exe Information: 0 : 15/08/2012 06:19:11: Adding item [UserPaymentPlan_d2ace41f-284a-49d8-9bc5-597004fe7916] to cache with expiry date/time of [15/08/2012 07:19:11].

QTAgent32.exe Information: 0 : 15/08/2012 06:19:11: Adding data to cache with cache key: OAuthTokenEntry_Wl_IOcQkWo8imAv10nVqocD4xyItI94sgJMifpUjm5U1, expiry date 2012/08/15 09:19:11

QTAgent32.exe Information: 0 : 15/08/2012 06:19:15: Adding data to cache with cache key: UserPaymentPlan_d2ace41f-284a-49d8-9bc5-597004fe7916, expiry date 2012/08/15 07:19:15

QTAgent32.exe Information: 0 : 15/08/2012 06:19:15: Adding item [UserPaymentPlan_d2ace41f-284a-49d8-9bc5-597004fe7916] to cache with expiry date/time of [15/08/2012 07:19:15].

QTAgent32.exe Information: 0 : 15/08/2012 06:19:45: Adding data to cache with cache key: UserPaymentPlan_d2ace41f-284a-49d8-9bc5-597004fe7916, expiry date 2012/08/15 07:19:45

QTAgent32.exe Information: 0 : 15/08/2012 06:19:45: Adding item [UserPaymentPlan_d2ace41f-284a-49d8-9bc5-597004fe7916] to cache with expiry date/time of [15/08/2012 07:19:45].

</DebugTrace>
      </Output>
    </UnitTestResult>
  </Results>
</TestRun>