<?xml version="1.0" encoding="UTF-8"?>
<TestRun id="f7116095-3f1c-45a5-8123-aaeb988e1797" name="Paul@GLAVTOP 2012-08-15 17:45:29" runUser="GLAVTOP\Paul" xmlns="http://microsoft.com/schemas/VisualStudio/TeamTest/2010">
  <TestSettings name="Local" id="d23f8251-c841-4598-9abe-942041d14e8c">
    <Description>These are default test settings for a local test run.</Description>
    <Deployment userDeploymentRoot="D:\Data\Development\Dev Projects\PayMeBack\PayMeBack\TestResults" useDefaultDeploymentRoot="false" runDeploymentRoot="Paul_GLAVTOP 2012-08-15 17_45_29">
      <DeploymentItem filename="D:\Data\Development\Dev Projects\PayMeBack\PayMeBack\Dependecies\Autofac-2.4.4.705-NET40\Autofac.dll" />
      <DeploymentItem filename="D:\Data\Development\Dev Projects\PayMeBack\PayMeBack\Glav.PayMeBack.Core\bin\Debug\Glav.PayMeBack.Core.dll" />
      <DeploymentItem filename="D:\Data\Development\Dev Projects\PayMeBack\PayMeBack\MvcWebRole1\bin\Glav.PayMeBack.Web.dll" />
    </Deployment>
    <Execution>
      <TestTypeSpecific>
        <UnitTestRunConfig testTypeId="13cdc9d9-ddb5-4fa4-a97d-d965ccfc6d4b">
          <AssemblyResolution>
            <TestDirectory useLoadContext="true" />
          </AssemblyResolution>
        </UnitTestRunConfig>
        <WebTestRunConfiguration testTypeId="4e7599fa-5ecb-43e9-a887-cd63cf72d207">
          <Browser name="Internet Explorer 7.0">
            <Headers>
              <Header name="User-Agent" value="Mozilla/4.0 (compatible; MSIE 7.0; Windows NT 5.1)" />
              <Header name="Accept" value="*/*" />
              <Header name="Accept-Language" value="{{$IEAcceptLanguage}}" />
              <Header name="Accept-Encoding" value="GZIP" />
            </Headers>
          </Browser>
        </WebTestRunConfiguration>
      </TestTypeSpecific>
      <AgentRule name="LocalMachineDefaultRole">
      </AgentRule>
    </Execution>
  </TestSettings>
  <Times creation="2012-08-15T17:45:29.0786447+10:00" queuing="2012-08-15T17:45:31.5016712+10:00" start="2012-08-15T17:45:32.0798026+10:00" finish="2012-08-15T17:46:23.3203972+10:00" />
  <ResultSummary outcome="Failed">
    <Counters total="1" executed="1" error="0" failed="1" timeout="0" aborted="0" inconclusive="0" passedButRunAborted="0" notRunnable="0" notExecuted="0" disconnected="0" warning="0" passed="0" completed="0" inProgress="0" pending="0" />
  </ResultSummary>
  <TestDefinitions>
    <UnitTest name="ShouldBeAbleToAddMultipleDebtsToUserPaymentPlan" storage="d:\data\development\dev projects\paymeback\paymeback\glav.paymeback.integrationtests\bin\debug\glav.paymeback.integrationtests.dll" id="e7df2b0d-2d99-7c60-2105-111c1a6281d9">
      <Execution id="516d4326-6db2-4d81-8fb8-1ef21198e2d8" />
      <TestMethod codeBase="D:/Data/Development/Dev Projects/PayMeBack/PayMeBack/Glav.PayMeBack.IntegrationTests/bin/Debug/Glav.PayMeBack.IntegrationTests.DLL" adapterTypeName="Microsoft.VisualStudio.TestTools.TestTypes.Unit.UnitTestAdapter, Microsoft.VisualStudio.QualityTools.Tips.UnitTest.Adapter, Version=10.0.0.0, Culture=neutral, PublicKeyToken=b03f5f7f11d50a3a" className="Glav.PayMeBack.IntegrationTests.ServiceTests.PaymentPlanServiceTests, Glav.PayMeBack.IntegrationTests, Version=1.0.0.0, Culture=neutral, PublicKeyToken=null" name="ShouldBeAbleToAddMultipleDebtsToUserPaymentPlan" />
    </UnitTest>
  </TestDefinitions>
  <TestLists>
    <TestList name="Results Not in a List" id="8c84fa94-04c1-424b-9868-57a2d4851a1d" />
    <TestList name="All Loaded Results" id="19431567-8539-422a-85d7-44ee4e166bda" />
  </TestLists>
  <TestEntries>
    <TestEntry testId="e7df2b0d-2d99-7c60-2105-111c1a6281d9" executionId="516d4326-6db2-4d81-8fb8-1ef21198e2d8" testListId="8c84fa94-04c1-424b-9868-57a2d4851a1d" />
  </TestEntries>
  <Results>
    <UnitTestResult executionId="516d4326-6db2-4d81-8fb8-1ef21198e2d8" testId="e7df2b0d-2d99-7c60-2105-111c1a6281d9" testName="ShouldBeAbleToAddMultipleDebtsToUserPaymentPlan" computerName="GLAVTOP" duration="00:00:46.7996489" startTime="2012-08-15T17:45:32.5954467+10:00" endTime="2012-08-15T17:46:21.4453243+10:00" testType="13cdc9d9-ddb5-4fa4-a97d-d965ccfc6d4b" outcome="Failed" testListId="8c84fa94-04c1-424b-9868-57a2d4851a1d" relativeResultsDirectory="516d4326-6db2-4d81-8fb8-1ef21198e2d8">
      <Output>
        <DebugTrace>QTAgent32.exe Information: 0 : 15/08/2012 05:45:35: CacheProvider initialised with memory cache engine

QTAgent32.exe Information: 0 : 15/08/2012 05:45:35: CacheProvider initialised with memory cache engine

QTAgent32.exe Information: 0 : 15/08/2012 05:45:37: Adding data to cache with cache key: OAuthTokenEntry_qAa1hwRKapRsJKT_YGlA46nnePh4EZxUzcM0cBPEbMw1, expiry date 2012/08/15 08:45:37

QTAgent32.exe Information: 0 : 15/08/2012 05:45:37: Adding data to cache with cache key: UserPaymentPlan_03af7488-ca3b-43d1-a246-d34a5ba583e0, expiry date 2012/08/15 06:45:37

QTAgent32.exe Information: 0 : 15/08/2012 05:45:37: Adding item [UserPaymentPlan_03af7488-ca3b-43d1-a246-d34a5ba583e0] to cache with expiry date/time of [15/08/2012 06:45:37].

QTAgent32.exe Information: 0 : 15/08/2012 05:45:37: Retrieving item [UserPaymentPlan_03af7488-ca3b-43d1-a246-d34a5ba583e0] from cache.

QTAgent32.exe Information: 0 : 15/08/2012 05:45:37: Adding data to cache with cache key: UserPaymentPlan_03af7488-ca3b-43d1-a246-d34a5ba583e0, expiry date 2012/08/15 06:45:37

QTAgent32.exe Information: 0 : 15/08/2012 05:45:37: Adding item [UserPaymentPlan_03af7488-ca3b-43d1-a246-d34a5ba583e0] to cache with expiry date/time of [15/08/2012 06:45:37].

QTAgent32.exe Information: 0 : 15/08/2012 05:45:56: Adding data to cache with cache key: UserPaymentPlan_03af7488-ca3b-43d1-a246-d34a5ba583e0, expiry date 2012/08/15 06:45:56

QTAgent32.exe Information: 0 : 15/08/2012 05:45:56: Adding item [UserPaymentPlan_03af7488-ca3b-43d1-a246-d34a5ba583e0] to cache with expiry date/time of [15/08/2012 06:45:56].

</DebugTrace>
        <ErrorInfo>
          <Message>Assert.IsTrue failed. </Message>
          <StackTrace>   at Glav.PayMeBack.IntegrationTests.ServiceTests.PaymentPlanServiceTests.ShouldBeAbleToAddMultipleDebtsToUserPaymentPlan() in D:\Data\Development\Dev Projects\PayMeBack\PayMeBack\Glav.PayMeBack.IntegrationTests\ServiceTests\PaymentPlanServiceTests.cs:line 119
</StackTrace>
        </ErrorInfo>
      </Output>
    </UnitTestResult>
  </Results>
</TestRun>